<?xml version="1.0" encoding="UTF-8"?>
<!-- Generated by org.testng.reporters.JUnitReportReporter -->
<testsuite hostname="FBTCDEV3" failures="0" tests="12" name="functional_Test_Cases.AWC005Submit_To_Workflow" time="387.130" errors="0" timestamp="2023-11-23T05:56:04 UTC" skipped="0">
  <testcase classname="functional_Test_Cases.AWC005Submit_To_Workflow" name="PO_Release" time="32.746"/>
  <system-out/>
  <testcase classname="functional_Test_Cases.AWC005Submit_To_Workflow" name="P1_Release" time="32.252"/>
  <system-out/>
  <testcase classname="functional_Test_Cases.AWC005Submit_To_Workflow" name="P2_Release" time="32.578"/>
  <system-out/>
  <testcase classname="functional_Test_Cases.AWC005Submit_To_Workflow" name="P3_Release" time="32.830"/>
  <system-out/>
  <testcase classname="functional_Test_Cases.AWC005Submit_To_Workflow" name="EVT1_Release" time="32.274"/>
  <system-out/>
  <testcase classname="functional_Test_Cases.AWC005Submit_To_Workflow" name="EVT2_Release" time="30.775"/>
  <system-out/>
  <testcase classname="functional_Test_Cases.AWC005Submit_To_Workflow" name="EVT3_Release" time="30.795"/>
  <system-out/>
  <testcase classname="functional_Test_Cases.AWC005Submit_To_Workflow" name="DVT1_Release" time="32.000"/>
  <system-out/>
  <testcase classname="functional_Test_Cases.AWC005Submit_To_Workflow" name="DVT2_Release" time="30.910"/>
  <system-out/>
  <testcase classname="functional_Test_Cases.AWC005Submit_To_Workflow" name="DVT3_Release" time="31.196"/>
  <system-out/>
  <testcase classname="functional_Test_Cases.AWC005Submit_To_Workflow" name="PVT1_Release" time="32.252"/>
  <system-out/>
  <testcase classname="functional_Test_Cases.AWC005Submit_To_Workflow" name="PVT2_Release" time="36.522"/>
  <system-out/>
</testsuite> <!-- functional_Test_Cases.AWC005Submit_To_Workflow -->
