<?xml version="1.0" encoding="UTF-8"?>
<!-- Generated by org.testng.reporters.JUnitReportReporter -->
<testsuite hostname="FBTCDEV3" failures="0" tests="1" name="tests.Demo" time="0.016" errors="0" timestamp="2023-10-11T12:04:23 UTC" skipped="0">
  <testcase classname="tests.Demo" name="test" time="0.016"/>
  <system-out/>
</testsuite> <!-- tests.Demo -->
