<?xml version="1.0" encoding="UTF-8"?>
<!-- Generated by org.testng.reporters.JUnitReportReporter -->
<testsuite hostname="FBTCDEV3" failures="0" tests="12" name="functional_Test_Cases.AWC004_Converting_WIP_status" time="947.220" errors="3" timestamp="2023-11-16T05:16:13 UTC" skipped="0">
  <testcase classname="functional_Test_Cases.AWC004_Converting_WIP_status" name="convert_GeneralWIP" time="66.992"/>
  <system-out/>
  <testcase classname="functional_Test_Cases.AWC004_Converting_WIP_status" name="convert_P1WIP" time="63.199"/>
  <system-out/>
  <testcase classname="functional_Test_Cases.AWC004_Converting_WIP_status" name="convert_P2WIP" time="75.588"/>
  <system-out/>
  <testcase classname="functional_Test_Cases.AWC004_Converting_WIP_status" name="convert_P3WIP" time="139.423"/>
  <system-out/>
  <testcase classname="functional_Test_Cases.AWC004_Converting_WIP_status" name="convert_EVT1WIP" time="52.578"/>
  <system-out/>
  <testcase classname="functional_Test_Cases.AWC004_Converting_WIP_status" name="convert_EVT2WIP" time="47.957"/>
  <system-out/>
  <testcase classname="functional_Test_Cases.AWC004_Converting_WIP_status" name="convert_EVT3WIP" time="52.969"/>
  <system-out/>
  <testcase classname="functional_Test_Cases.AWC004_Converting_WIP_status" name="convert_DVT1WIP" time="89.362">
    <error message="Error {
  message=&#039;Target closed
=========================== logs ===========================
waiting for locator(&quot;xpath=//span[@class=&#039;noty_text&#039;]&quot;)
============================================================
  name=&#039;Error
  stack=&#039;Error: Target closed
=========================== logs ===========================
waiting for locator(&quot;xpath=//span[@class=&#039;noty_text&#039;]&quot;)
============================================================
    at CRSession.send (C:\Users\fbtcuser\AppData\Local\Temp\playwright-java-6243292643120934325\package\lib\server\chromium\crConnection.js:163:34)
    at CRExecutionContext.evaluateWithArguments (C:\Users\fbtcuser\AppData\Local\Temp\playwright-java-6243292643120934325\package\lib\server\chromium\crExecutionContext.js:78:28)
    at FrameExecutionContext.evaluateWithArguments (C:\Users\fbtcuser\AppData\Local\Temp\playwright-java-6243292643120934325\package\lib\server\javascript.js:61:61)
    at evaluateExpression (C:\Users\fbtcuser\AppData\Local\Temp\playwright-java-6243292643120934325\package\lib\server\javascript.js:241:26)
    at async C:\Users\fbtcuser\AppData\Local\Temp\playwright-java-6243292643120934325\package\lib\server\frames.js:1416:13
    at async Frame.retryWithProgressAndTimeouts (C:\Users\fbtcuser\AppData\Local\Temp\playwright-java-6243292643120934325\package\lib\server\frames.js:920:24)
    at async ProgressController.run (C:\Users\fbtcuser\AppData\Local\Temp\playwright-java-6243292643120934325\package\lib\server\progress.js:92:22)
    at async FrameDispatcher.textContent (C:\Users\fbtcuser\AppData\Local\Temp\playwright-java-6243292643120934325\package\lib\server\dispatchers\frameDispatcher.js:172:19)
    at async DispatcherConnection.dispatch (C:\Users\fbtcuser\AppData\Local\Temp\playwright-java-6243292643120934325\package\lib\server\dispatchers\dispatcher.js:312:22)
}" type="com.microsoft.playwright.PlaywrightException">
      <![CDATA[com.microsoft.playwright.PlaywrightException: Error {
  message='Target closed
=========================== logs ===========================
waiting for locator("xpath=//span[@class='noty_text']")
============================================================
  name='Error
  stack='Error: Target closed
=========================== logs ===========================
waiting for locator("xpath=//span[@class='noty_text']")
============================================================
    at CRSession.send (C:\Users\fbtcuser\AppData\Local\Temp\playwright-java-6243292643120934325\package\lib\server\chromium\crConnection.js:163:34)
    at CRExecutionContext.evaluateWithArguments (C:\Users\fbtcuser\AppData\Local\Temp\playwright-java-6243292643120934325\package\lib\server\chromium\crExecutionContext.js:78:28)
    at FrameExecutionContext.evaluateWithArguments (C:\Users\fbtcuser\AppData\Local\Temp\playwright-java-6243292643120934325\package\lib\server\javascript.js:61:61)
    at evaluateExpression (C:\Users\fbtcuser\AppData\Local\Temp\playwright-java-6243292643120934325\package\lib\server\javascript.js:241:26)
    at async C:\Users\fbtcuser\AppData\Local\Temp\playwright-java-6243292643120934325\package\lib\server\frames.js:1416:13
    at async Frame.retryWithProgressAndTimeouts (C:\Users\fbtcuser\AppData\Local\Temp\playwright-java-6243292643120934325\package\lib\server\frames.js:920:24)
    at async ProgressController.run (C:\Users\fbtcuser\AppData\Local\Temp\playwright-java-6243292643120934325\package\lib\server\progress.js:92:22)
    at async FrameDispatcher.textContent (C:\Users\fbtcuser\AppData\Local\Temp\playwright-java-6243292643120934325\package\lib\server\dispatchers\frameDispatcher.js:172:19)
    at async DispatcherConnection.dispatch (C:\Users\fbtcuser\AppData\Local\Temp\playwright-java-6243292643120934325\package\lib\server\dispatchers\dispatcher.js:312:22)
}
at com.microsoft.playwright.impl.WaitableResult.get(WaitableResult.java:54)
at com.microsoft.playwright.impl.ChannelOwner.runUntil(ChannelOwner.java:111)
at com.microsoft.playwright.impl.Connection.sendMessage(Connection.java:126)
at com.microsoft.playwright.impl.ChannelOwner.sendMessage(ChannelOwner.java:102)
at com.microsoft.playwright.impl.FrameImpl.textContentImpl(FrameImpl.java:822)
at com.microsoft.playwright.impl.FrameImpl.lambda$textContent$38(FrameImpl.java:813)
at com.microsoft.playwright.impl.LoggingSupport.withLogging(LoggingSupport.java:47)
at com.microsoft.playwright.impl.ChannelOwner.withLogging(ChannelOwner.java:87)
at com.microsoft.playwright.impl.FrameImpl.textContent(FrameImpl.java:813)
at com.microsoft.playwright.impl.LocatorImpl.textContent(LocatorImpl.java:561)
at com.microsoft.playwright.Locator.textContent(Locator.java:4859)
at functional_Test_Cases.AWC004_Converting_WIP_status.convert_DVT1WIP(AWC004_Converting_WIP_status.java:349)
at java.base/jdk.internal.reflect.NativeMethodAccessorImpl.invoke0(Native Method)
at java.base/jdk.internal.reflect.NativeMethodAccessorImpl.invoke(NativeMethodAccessorImpl.java:77)
at java.base/jdk.internal.reflect.DelegatingMethodAccessorImpl.invoke(DelegatingMethodAccessorImpl.java:43)
at java.base/java.lang.reflect.Method.invoke(Method.java:568)
at org.testng.internal.MethodInvocationHelper.invokeMethod(MethodInvocationHelper.java:133)
at org.testng.internal.TestInvoker.invokeMethod(TestInvoker.java:598)
at org.testng.internal.TestInvoker.invokeTestMethod(TestInvoker.java:173)
at org.testng.internal.MethodRunner.runInSequence(MethodRunner.java:46)
at org.testng.internal.TestInvoker$MethodInvocationAgent.invoke(TestInvoker.java:824)
at org.testng.internal.TestInvoker.invokeTestMethods(TestInvoker.java:146)
at org.testng.internal.TestMethodWorker.invokeTestMethods(TestMethodWorker.java:146)
at org.testng.internal.TestMethodWorker.run(TestMethodWorker.java:128)
at java.base/java.util.ArrayList.forEach(ArrayList.java:1511)
at org.testng.TestRunner.privateRun(TestRunner.java:794)
at org.testng.TestRunner.run(TestRunner.java:596)
at org.testng.SuiteRunner.runTest(SuiteRunner.java:377)
at org.testng.SuiteRunner.runSequentially(SuiteRunner.java:371)
at org.testng.SuiteRunner.privateRun(SuiteRunner.java:332)
at org.testng.SuiteRunner.run(SuiteRunner.java:276)
at org.testng.SuiteRunnerWorker.runSuite(SuiteRunnerWorker.java:53)
at org.testng.SuiteRunnerWorker.run(SuiteRunnerWorker.java:96)
at org.testng.TestNG.runSuitesSequentially(TestNG.java:1212)
at org.testng.TestNG.runSuitesLocally(TestNG.java:1134)
at org.testng.TestNG.runSuites(TestNG.java:1063)
at org.testng.TestNG.run(TestNG.java:1031)
at org.testng.remote.AbstractRemoteTestNG.run(AbstractRemoteTestNG.java:115)
at org.testng.remote.RemoteTestNG.initAndRun(RemoteTestNG.java:251)
at org.testng.remote.RemoteTestNG.main(RemoteTestNG.java:77)
Caused by: com.microsoft.playwright.impl.DriverException: Error {
  message='Target closed
=========================== logs ===========================
waiting for locator("xpath=//span[@class='noty_text']")
============================================================
  name='Error
  stack='Error: Target closed
=========================== logs ===========================
waiting for locator("xpath=//span[@class='noty_text']")
============================================================
    at CRSession.send (C:\Users\fbtcuser\AppData\Local\Temp\playwright-java-6243292643120934325\package\lib\server\chromium\crConnection.js:163:34)
    at CRExecutionContext.evaluateWithArguments (C:\Users\fbtcuser\AppData\Local\Temp\playwright-java-6243292643120934325\package\lib\server\chromium\crExecutionContext.js:78:28)
    at FrameExecutionContext.evaluateWithArguments (C:\Users\fbtcuser\AppData\Local\Temp\playwright-java-6243292643120934325\package\lib\server\javascript.js:61:61)
    at evaluateExpression (C:\Users\fbtcuser\AppData\Local\Temp\playwright-java-6243292643120934325\package\lib\server\javascript.js:241:26)
    at async C:\Users\fbtcuser\AppData\Local\Temp\playwright-java-6243292643120934325\package\lib\server\frames.js:1416:13
    at async Frame.retryWithProgressAndTimeouts (C:\Users\fbtcuser\AppData\Local\Temp\playwright-java-6243292643120934325\package\lib\server\frames.js:920:24)
    at async ProgressController.run (C:\Users\fbtcuser\AppData\Local\Temp\playwright-java-6243292643120934325\package\lib\server\progress.js:92:22)
    at async FrameDispatcher.textContent (C:\Users\fbtcuser\AppData\Local\Temp\playwright-java-6243292643120934325\package\lib\server\dispatchers\frameDispatcher.js:172:19)
    at async DispatcherConnection.dispatch (C:\Users\fbtcuser\AppData\Local\Temp\playwright-java-6243292643120934325\package\lib\server\dispatchers\dispatcher.js:312:22)
}
at com.microsoft.playwright.impl.Connection.dispatch(Connection.java:226)
at com.microsoft.playwright.impl.Connection.processOneMessage(Connection.java:206)
at com.microsoft.playwright.impl.ChannelOwner.runUntil(ChannelOwner.java:109)
... 38 more
]]>
    </error>
  </testcase> <!-- convert_DVT1WIP -->
  <system-out/>
  <testcase classname="functional_Test_Cases.AWC004_Converting_WIP_status" name="convert_DVT2WIP" time="64.760"/>
  <system-out/>
  <testcase classname="functional_Test_Cases.AWC004_Converting_WIP_status" name="convert_DVT3WIP" time="143.734">
    <error message="Error {
  message=&#039;Target closed
=========================== logs ===========================
waiting for locator(&quot;xpath=//span[@class=&#039;noty_text&#039;]&quot;)
============================================================
  name=&#039;Error
  stack=&#039;Error: Target closed
=========================== logs ===========================
waiting for locator(&quot;xpath=//span[@class=&#039;noty_text&#039;]&quot;)
============================================================
    at CRSession.send (C:\Users\fbtcuser\AppData\Local\Temp\playwright-java-6243292643120934325\package\lib\server\chromium\crConnection.js:163:34)
    at CRExecutionContext.evaluateWithArguments (C:\Users\fbtcuser\AppData\Local\Temp\playwright-java-6243292643120934325\package\lib\server\chromium\crExecutionContext.js:78:28)
    at FrameExecutionContext.evaluateWithArguments (C:\Users\fbtcuser\AppData\Local\Temp\playwright-java-6243292643120934325\package\lib\server\javascript.js:61:61)
    at evaluateExpression (C:\Users\fbtcuser\AppData\Local\Temp\playwright-java-6243292643120934325\package\lib\server\javascript.js:241:26)
    at async C:\Users\fbtcuser\AppData\Local\Temp\playwright-java-6243292643120934325\package\lib\server\frames.js:1416:13
    at async Frame.retryWithProgressAndTimeouts (C:\Users\fbtcuser\AppData\Local\Temp\playwright-java-6243292643120934325\package\lib\server\frames.js:920:24)
    at async ProgressController.run (C:\Users\fbtcuser\AppData\Local\Temp\playwright-java-6243292643120934325\package\lib\server\progress.js:92:22)
    at async FrameDispatcher.textContent (C:\Users\fbtcuser\AppData\Local\Temp\playwright-java-6243292643120934325\package\lib\server\dispatchers\frameDispatcher.js:172:19)
    at async DispatcherConnection.dispatch (C:\Users\fbtcuser\AppData\Local\Temp\playwright-java-6243292643120934325\package\lib\server\dispatchers\dispatcher.js:312:22)
}" type="com.microsoft.playwright.PlaywrightException">
      <![CDATA[com.microsoft.playwright.PlaywrightException: Error {
  message='Target closed
=========================== logs ===========================
waiting for locator("xpath=//span[@class='noty_text']")
============================================================
  name='Error
  stack='Error: Target closed
=========================== logs ===========================
waiting for locator("xpath=//span[@class='noty_text']")
============================================================
    at CRSession.send (C:\Users\fbtcuser\AppData\Local\Temp\playwright-java-6243292643120934325\package\lib\server\chromium\crConnection.js:163:34)
    at CRExecutionContext.evaluateWithArguments (C:\Users\fbtcuser\AppData\Local\Temp\playwright-java-6243292643120934325\package\lib\server\chromium\crExecutionContext.js:78:28)
    at FrameExecutionContext.evaluateWithArguments (C:\Users\fbtcuser\AppData\Local\Temp\playwright-java-6243292643120934325\package\lib\server\javascript.js:61:61)
    at evaluateExpression (C:\Users\fbtcuser\AppData\Local\Temp\playwright-java-6243292643120934325\package\lib\server\javascript.js:241:26)
    at async C:\Users\fbtcuser\AppData\Local\Temp\playwright-java-6243292643120934325\package\lib\server\frames.js:1416:13
    at async Frame.retryWithProgressAndTimeouts (C:\Users\fbtcuser\AppData\Local\Temp\playwright-java-6243292643120934325\package\lib\server\frames.js:920:24)
    at async ProgressController.run (C:\Users\fbtcuser\AppData\Local\Temp\playwright-java-6243292643120934325\package\lib\server\progress.js:92:22)
    at async FrameDispatcher.textContent (C:\Users\fbtcuser\AppData\Local\Temp\playwright-java-6243292643120934325\package\lib\server\dispatchers\frameDispatcher.js:172:19)
    at async DispatcherConnection.dispatch (C:\Users\fbtcuser\AppData\Local\Temp\playwright-java-6243292643120934325\package\lib\server\dispatchers\dispatcher.js:312:22)
}
at com.microsoft.playwright.impl.WaitableResult.get(WaitableResult.java:54)
at com.microsoft.playwright.impl.ChannelOwner.runUntil(ChannelOwner.java:111)
at com.microsoft.playwright.impl.Connection.sendMessage(Connection.java:126)
at com.microsoft.playwright.impl.ChannelOwner.sendMessage(ChannelOwner.java:102)
at com.microsoft.playwright.impl.FrameImpl.textContentImpl(FrameImpl.java:822)
at com.microsoft.playwright.impl.FrameImpl.lambda$textContent$38(FrameImpl.java:813)
at com.microsoft.playwright.impl.LoggingSupport.withLogging(LoggingSupport.java:47)
at com.microsoft.playwright.impl.ChannelOwner.withLogging(ChannelOwner.java:87)
at com.microsoft.playwright.impl.FrameImpl.textContent(FrameImpl.java:813)
at com.microsoft.playwright.impl.LocatorImpl.textContent(LocatorImpl.java:561)
at com.microsoft.playwright.Locator.textContent(Locator.java:4859)
at functional_Test_Cases.AWC004_Converting_WIP_status.convert_DVT3WIP(AWC004_Converting_WIP_status.java:439)
at java.base/jdk.internal.reflect.NativeMethodAccessorImpl.invoke0(Native Method)
at java.base/jdk.internal.reflect.NativeMethodAccessorImpl.invoke(NativeMethodAccessorImpl.java:77)
at java.base/jdk.internal.reflect.DelegatingMethodAccessorImpl.invoke(DelegatingMethodAccessorImpl.java:43)
at java.base/java.lang.reflect.Method.invoke(Method.java:568)
at org.testng.internal.MethodInvocationHelper.invokeMethod(MethodInvocationHelper.java:133)
at org.testng.internal.TestInvoker.invokeMethod(TestInvoker.java:598)
at org.testng.internal.TestInvoker.invokeTestMethod(TestInvoker.java:173)
at org.testng.internal.MethodRunner.runInSequence(MethodRunner.java:46)
at org.testng.internal.TestInvoker$MethodInvocationAgent.invoke(TestInvoker.java:824)
at org.testng.internal.TestInvoker.invokeTestMethods(TestInvoker.java:146)
at org.testng.internal.TestMethodWorker.invokeTestMethods(TestMethodWorker.java:146)
at org.testng.internal.TestMethodWorker.run(TestMethodWorker.java:128)
at java.base/java.util.ArrayList.forEach(ArrayList.java:1511)
at org.testng.TestRunner.privateRun(TestRunner.java:794)
at org.testng.TestRunner.run(TestRunner.java:596)
at org.testng.SuiteRunner.runTest(SuiteRunner.java:377)
at org.testng.SuiteRunner.runSequentially(SuiteRunner.java:371)
at org.testng.SuiteRunner.privateRun(SuiteRunner.java:332)
at org.testng.SuiteRunner.run(SuiteRunner.java:276)
at org.testng.SuiteRunnerWorker.runSuite(SuiteRunnerWorker.java:53)
at org.testng.SuiteRunnerWorker.run(SuiteRunnerWorker.java:96)
at org.testng.TestNG.runSuitesSequentially(TestNG.java:1212)
at org.testng.TestNG.runSuitesLocally(TestNG.java:1134)
at org.testng.TestNG.runSuites(TestNG.java:1063)
at org.testng.TestNG.run(TestNG.java:1031)
at org.testng.remote.AbstractRemoteTestNG.run(AbstractRemoteTestNG.java:115)
at org.testng.remote.RemoteTestNG.initAndRun(RemoteTestNG.java:251)
at org.testng.remote.RemoteTestNG.main(RemoteTestNG.java:77)
Caused by: com.microsoft.playwright.impl.DriverException: Error {
  message='Target closed
=========================== logs ===========================
waiting for locator("xpath=//span[@class='noty_text']")
============================================================
  name='Error
  stack='Error: Target closed
=========================== logs ===========================
waiting for locator("xpath=//span[@class='noty_text']")
============================================================
    at CRSession.send (C:\Users\fbtcuser\AppData\Local\Temp\playwright-java-6243292643120934325\package\lib\server\chromium\crConnection.js:163:34)
    at CRExecutionContext.evaluateWithArguments (C:\Users\fbtcuser\AppData\Local\Temp\playwright-java-6243292643120934325\package\lib\server\chromium\crExecutionContext.js:78:28)
    at FrameExecutionContext.evaluateWithArguments (C:\Users\fbtcuser\AppData\Local\Temp\playwright-java-6243292643120934325\package\lib\server\javascript.js:61:61)
    at evaluateExpression (C:\Users\fbtcuser\AppData\Local\Temp\playwright-java-6243292643120934325\package\lib\server\javascript.js:241:26)
    at async C:\Users\fbtcuser\AppData\Local\Temp\playwright-java-6243292643120934325\package\lib\server\frames.js:1416:13
    at async Frame.retryWithProgressAndTimeouts (C:\Users\fbtcuser\AppData\Local\Temp\playwright-java-6243292643120934325\package\lib\server\frames.js:920:24)
    at async ProgressController.run (C:\Users\fbtcuser\AppData\Local\Temp\playwright-java-6243292643120934325\package\lib\server\progress.js:92:22)
    at async FrameDispatcher.textContent (C:\Users\fbtcuser\AppData\Local\Temp\playwright-java-6243292643120934325\package\lib\server\dispatchers\frameDispatcher.js:172:19)
    at async DispatcherConnection.dispatch (C:\Users\fbtcuser\AppData\Local\Temp\playwright-java-6243292643120934325\package\lib\server\dispatchers\dispatcher.js:312:22)
}
at com.microsoft.playwright.impl.Connection.dispatch(Connection.java:226)
at com.microsoft.playwright.impl.Connection.processOneMessage(Connection.java:206)
at com.microsoft.playwright.impl.ChannelOwner.runUntil(ChannelOwner.java:109)
... 38 more
]]>
    </error>
  </testcase> <!-- convert_DVT3WIP -->
  <system-out/>
  <testcase classname="functional_Test_Cases.AWC004_Converting_WIP_status" name="convert_PVT1WIP" time="67.880">
    <error message="Error {
  message=&#039;Target closed
=========================== logs ===========================
waiting for locator(&quot;xpath=//span[@class=&#039;noty_text&#039;]&quot;)
============================================================
  name=&#039;Error
  stack=&#039;Error: Target closed
=========================== logs ===========================
waiting for locator(&quot;xpath=//span[@class=&#039;noty_text&#039;]&quot;)
============================================================
    at CRSession.send (C:\Users\fbtcuser\AppData\Local\Temp\playwright-java-6243292643120934325\package\lib\server\chromium\crConnection.js:163:34)
    at CRExecutionContext.evaluateWithArguments (C:\Users\fbtcuser\AppData\Local\Temp\playwright-java-6243292643120934325\package\lib\server\chromium\crExecutionContext.js:78:28)
    at FrameExecutionContext.evaluateWithArguments (C:\Users\fbtcuser\AppData\Local\Temp\playwright-java-6243292643120934325\package\lib\server\javascript.js:61:61)
    at evaluateExpression (C:\Users\fbtcuser\AppData\Local\Temp\playwright-java-6243292643120934325\package\lib\server\javascript.js:241:26)
    at async C:\Users\fbtcuser\AppData\Local\Temp\playwright-java-6243292643120934325\package\lib\server\frames.js:1416:13
    at async Frame.retryWithProgressAndTimeouts (C:\Users\fbtcuser\AppData\Local\Temp\playwright-java-6243292643120934325\package\lib\server\frames.js:920:24)
    at async ProgressController.run (C:\Users\fbtcuser\AppData\Local\Temp\playwright-java-6243292643120934325\package\lib\server\progress.js:92:22)
    at async FrameDispatcher.textContent (C:\Users\fbtcuser\AppData\Local\Temp\playwright-java-6243292643120934325\package\lib\server\dispatchers\frameDispatcher.js:172:19)
    at async DispatcherConnection.dispatch (C:\Users\fbtcuser\AppData\Local\Temp\playwright-java-6243292643120934325\package\lib\server\dispatchers\dispatcher.js:312:22)
}" type="com.microsoft.playwright.PlaywrightException">
      <![CDATA[com.microsoft.playwright.PlaywrightException: Error {
  message='Target closed
=========================== logs ===========================
waiting for locator("xpath=//span[@class='noty_text']")
============================================================
  name='Error
  stack='Error: Target closed
=========================== logs ===========================
waiting for locator("xpath=//span[@class='noty_text']")
============================================================
    at CRSession.send (C:\Users\fbtcuser\AppData\Local\Temp\playwright-java-6243292643120934325\package\lib\server\chromium\crConnection.js:163:34)
    at CRExecutionContext.evaluateWithArguments (C:\Users\fbtcuser\AppData\Local\Temp\playwright-java-6243292643120934325\package\lib\server\chromium\crExecutionContext.js:78:28)
    at FrameExecutionContext.evaluateWithArguments (C:\Users\fbtcuser\AppData\Local\Temp\playwright-java-6243292643120934325\package\lib\server\javascript.js:61:61)
    at evaluateExpression (C:\Users\fbtcuser\AppData\Local\Temp\playwright-java-6243292643120934325\package\lib\server\javascript.js:241:26)
    at async C:\Users\fbtcuser\AppData\Local\Temp\playwright-java-6243292643120934325\package\lib\server\frames.js:1416:13
    at async Frame.retryWithProgressAndTimeouts (C:\Users\fbtcuser\AppData\Local\Temp\playwright-java-6243292643120934325\package\lib\server\frames.js:920:24)
    at async ProgressController.run (C:\Users\fbtcuser\AppData\Local\Temp\playwright-java-6243292643120934325\package\lib\server\progress.js:92:22)
    at async FrameDispatcher.textContent (C:\Users\fbtcuser\AppData\Local\Temp\playwright-java-6243292643120934325\package\lib\server\dispatchers\frameDispatcher.js:172:19)
    at async DispatcherConnection.dispatch (C:\Users\fbtcuser\AppData\Local\Temp\playwright-java-6243292643120934325\package\lib\server\dispatchers\dispatcher.js:312:22)
}
at com.microsoft.playwright.impl.WaitableResult.get(WaitableResult.java:54)
at com.microsoft.playwright.impl.ChannelOwner.runUntil(ChannelOwner.java:111)
at com.microsoft.playwright.impl.Connection.sendMessage(Connection.java:126)
at com.microsoft.playwright.impl.ChannelOwner.sendMessage(ChannelOwner.java:102)
at com.microsoft.playwright.impl.FrameImpl.textContentImpl(FrameImpl.java:822)
at com.microsoft.playwright.impl.FrameImpl.lambda$textContent$38(FrameImpl.java:813)
at com.microsoft.playwright.impl.LoggingSupport.withLogging(LoggingSupport.java:47)
at com.microsoft.playwright.impl.ChannelOwner.withLogging(ChannelOwner.java:87)
at com.microsoft.playwright.impl.FrameImpl.textContent(FrameImpl.java:813)
at com.microsoft.playwright.impl.LocatorImpl.textContent(LocatorImpl.java:561)
at com.microsoft.playwright.Locator.textContent(Locator.java:4859)
at functional_Test_Cases.AWC004_Converting_WIP_status.convert_PVT1WIP(AWC004_Converting_WIP_status.java:484)
at java.base/jdk.internal.reflect.NativeMethodAccessorImpl.invoke0(Native Method)
at java.base/jdk.internal.reflect.NativeMethodAccessorImpl.invoke(NativeMethodAccessorImpl.java:77)
at java.base/jdk.internal.reflect.DelegatingMethodAccessorImpl.invoke(DelegatingMethodAccessorImpl.java:43)
at java.base/java.lang.reflect.Method.invoke(Method.java:568)
at org.testng.internal.MethodInvocationHelper.invokeMethod(MethodInvocationHelper.java:133)
at org.testng.internal.TestInvoker.invokeMethod(TestInvoker.java:598)
at org.testng.internal.TestInvoker.invokeTestMethod(TestInvoker.java:173)
at org.testng.internal.MethodRunner.runInSequence(MethodRunner.java:46)
at org.testng.internal.TestInvoker$MethodInvocationAgent.invoke(TestInvoker.java:824)
at org.testng.internal.TestInvoker.invokeTestMethods(TestInvoker.java:146)
at org.testng.internal.TestMethodWorker.invokeTestMethods(TestMethodWorker.java:146)
at org.testng.internal.TestMethodWorker.run(TestMethodWorker.java:128)
at java.base/java.util.ArrayList.forEach(ArrayList.java:1511)
at org.testng.TestRunner.privateRun(TestRunner.java:794)
at org.testng.TestRunner.run(TestRunner.java:596)
at org.testng.SuiteRunner.runTest(SuiteRunner.java:377)
at org.testng.SuiteRunner.runSequentially(SuiteRunner.java:371)
at org.testng.SuiteRunner.privateRun(SuiteRunner.java:332)
at org.testng.SuiteRunner.run(SuiteRunner.java:276)
at org.testng.SuiteRunnerWorker.runSuite(SuiteRunnerWorker.java:53)
at org.testng.SuiteRunnerWorker.run(SuiteRunnerWorker.java:96)
at org.testng.TestNG.runSuitesSequentially(TestNG.java:1212)
at org.testng.TestNG.runSuitesLocally(TestNG.java:1134)
at org.testng.TestNG.runSuites(TestNG.java:1063)
at org.testng.TestNG.run(TestNG.java:1031)
at org.testng.remote.AbstractRemoteTestNG.run(AbstractRemoteTestNG.java:115)
at org.testng.remote.RemoteTestNG.initAndRun(RemoteTestNG.java:251)
at org.testng.remote.RemoteTestNG.main(RemoteTestNG.java:77)
Caused by: com.microsoft.playwright.impl.DriverException: Error {
  message='Target closed
=========================== logs ===========================
waiting for locator("xpath=//span[@class='noty_text']")
============================================================
  name='Error
  stack='Error: Target closed
=========================== logs ===========================
waiting for locator("xpath=//span[@class='noty_text']")
============================================================
    at CRSession.send (C:\Users\fbtcuser\AppData\Local\Temp\playwright-java-6243292643120934325\package\lib\server\chromium\crConnection.js:163:34)
    at CRExecutionContext.evaluateWithArguments (C:\Users\fbtcuser\AppData\Local\Temp\playwright-java-6243292643120934325\package\lib\server\chromium\crExecutionContext.js:78:28)
    at FrameExecutionContext.evaluateWithArguments (C:\Users\fbtcuser\AppData\Local\Temp\playwright-java-6243292643120934325\package\lib\server\javascript.js:61:61)
    at evaluateExpression (C:\Users\fbtcuser\AppData\Local\Temp\playwright-java-6243292643120934325\package\lib\server\javascript.js:241:26)
    at async C:\Users\fbtcuser\AppData\Local\Temp\playwright-java-6243292643120934325\package\lib\server\frames.js:1416:13
    at async Frame.retryWithProgressAndTimeouts (C:\Users\fbtcuser\AppData\Local\Temp\playwright-java-6243292643120934325\package\lib\server\frames.js:920:24)
    at async ProgressController.run (C:\Users\fbtcuser\AppData\Local\Temp\playwright-java-6243292643120934325\package\lib\server\progress.js:92:22)
    at async FrameDispatcher.textContent (C:\Users\fbtcuser\AppData\Local\Temp\playwright-java-6243292643120934325\package\lib\server\dispatchers\frameDispatcher.js:172:19)
    at async DispatcherConnection.dispatch (C:\Users\fbtcuser\AppData\Local\Temp\playwright-java-6243292643120934325\package\lib\server\dispatchers\dispatcher.js:312:22)
}
at com.microsoft.playwright.impl.Connection.dispatch(Connection.java:226)
at com.microsoft.playwright.impl.Connection.processOneMessage(Connection.java:206)
at com.microsoft.playwright.impl.ChannelOwner.runUntil(ChannelOwner.java:109)
... 38 more
]]>
    </error>
  </testcase> <!-- convert_PVT1WIP -->
  <system-out/>
  <testcase classname="functional_Test_Cases.AWC004_Converting_WIP_status" name="convert_PVT2WIP" time="82.778"/>
  <system-out/>
</testsuite> <!-- functional_Test_Cases.AWC004_Converting_WIP_status -->
