<?xml version="1.0" encoding="UTF-8"?>
<!-- Generated by org.testng.reporters.JUnitReportReporter -->
<testsuite hostname="FBTCDEV3" failures="0" tests="13" name="functional_Test_Cases.AWC006_Freeze_Release_Status" time="1422.876" errors="4" timestamp="2023-11-16T05:44:26 UTC" skipped="0">
  <testcase classname="functional_Test_Cases.AWC006_Freeze_Release_Status" name="genreal_WIP_To_EQR" time="50.330"/>
  <system-out/>
  <testcase classname="functional_Test_Cases.AWC006_Freeze_Release_Status" name="p0_WIP_To_EQR" time="60.821"/>
  <system-out/>
  <testcase classname="functional_Test_Cases.AWC006_Freeze_Release_Status" name="p1_WIP_To_EQR" time="80.817"/>
  <system-out/>
  <testcase classname="functional_Test_Cases.AWC006_Freeze_Release_Status" name="p2_WIP_To_EQR" time="114.470"/>
  <system-out/>
  <testcase classname="functional_Test_Cases.AWC006_Freeze_Release_Status" name="p3_WIP_To_EQR" time="169.629"/>
  <system-out/>
  <testcase classname="functional_Test_Cases.AWC006_Freeze_Release_Status" name="dVT1_WIP_To_EQR" time="114.142">
    <error message="Error {
  message=&#039;Target closed
=========================== logs ===========================
waiting for locator(&quot;xpath=//span[@class=&#039;noty_text&#039;]&quot;)
============================================================
  name=&#039;Error
  stack=&#039;Error: Target closed
=========================== logs ===========================
waiting for locator(&quot;xpath=//span[@class=&#039;noty_text&#039;]&quot;)
============================================================
    at CRSession.send (C:\Users\fbtcuser\AppData\Local\Temp\playwright-java-14387927397001221178\package\lib\server\chromium\crConnection.js:163:34)
    at CRExecutionContext.evaluateWithArguments (C:\Users\fbtcuser\AppData\Local\Temp\playwright-java-14387927397001221178\package\lib\server\chromium\crExecutionContext.js:78:28)
    at FrameExecutionContext.evaluateWithArguments (C:\Users\fbtcuser\AppData\Local\Temp\playwright-java-14387927397001221178\package\lib\server\javascript.js:61:61)
    at evaluateExpression (C:\Users\fbtcuser\AppData\Local\Temp\playwright-java-14387927397001221178\package\lib\server\javascript.js:241:26)
    at async C:\Users\fbtcuser\AppData\Local\Temp\playwright-java-14387927397001221178\package\lib\server\frames.js:1416:13
    at async Frame.retryWithProgressAndTimeouts (C:\Users\fbtcuser\AppData\Local\Temp\playwright-java-14387927397001221178\package\lib\server\frames.js:920:24)
    at async ProgressController.run (C:\Users\fbtcuser\AppData\Local\Temp\playwright-java-14387927397001221178\package\lib\server\progress.js:92:22)
    at async FrameDispatcher.textContent (C:\Users\fbtcuser\AppData\Local\Temp\playwright-java-14387927397001221178\package\lib\server\dispatchers\frameDispatcher.js:172:19)
    at async DispatcherConnection.dispatch (C:\Users\fbtcuser\AppData\Local\Temp\playwright-java-14387927397001221178\package\lib\server\dispatchers\dispatcher.js:312:22)
}" type="com.microsoft.playwright.PlaywrightException">
      <![CDATA[com.microsoft.playwright.PlaywrightException: Error {
  message='Target closed
=========================== logs ===========================
waiting for locator("xpath=//span[@class='noty_text']")
============================================================
  name='Error
  stack='Error: Target closed
=========================== logs ===========================
waiting for locator("xpath=//span[@class='noty_text']")
============================================================
    at CRSession.send (C:\Users\fbtcuser\AppData\Local\Temp\playwright-java-14387927397001221178\package\lib\server\chromium\crConnection.js:163:34)
    at CRExecutionContext.evaluateWithArguments (C:\Users\fbtcuser\AppData\Local\Temp\playwright-java-14387927397001221178\package\lib\server\chromium\crExecutionContext.js:78:28)
    at FrameExecutionContext.evaluateWithArguments (C:\Users\fbtcuser\AppData\Local\Temp\playwright-java-14387927397001221178\package\lib\server\javascript.js:61:61)
    at evaluateExpression (C:\Users\fbtcuser\AppData\Local\Temp\playwright-java-14387927397001221178\package\lib\server\javascript.js:241:26)
    at async C:\Users\fbtcuser\AppData\Local\Temp\playwright-java-14387927397001221178\package\lib\server\frames.js:1416:13
    at async Frame.retryWithProgressAndTimeouts (C:\Users\fbtcuser\AppData\Local\Temp\playwright-java-14387927397001221178\package\lib\server\frames.js:920:24)
    at async ProgressController.run (C:\Users\fbtcuser\AppData\Local\Temp\playwright-java-14387927397001221178\package\lib\server\progress.js:92:22)
    at async FrameDispatcher.textContent (C:\Users\fbtcuser\AppData\Local\Temp\playwright-java-14387927397001221178\package\lib\server\dispatchers\frameDispatcher.js:172:19)
    at async DispatcherConnection.dispatch (C:\Users\fbtcuser\AppData\Local\Temp\playwright-java-14387927397001221178\package\lib\server\dispatchers\dispatcher.js:312:22)
}
at com.microsoft.playwright.impl.WaitableResult.get(WaitableResult.java:54)
at com.microsoft.playwright.impl.ChannelOwner.runUntil(ChannelOwner.java:111)
at com.microsoft.playwright.impl.Connection.sendMessage(Connection.java:126)
at com.microsoft.playwright.impl.ChannelOwner.sendMessage(ChannelOwner.java:102)
at com.microsoft.playwright.impl.FrameImpl.textContentImpl(FrameImpl.java:822)
at com.microsoft.playwright.impl.FrameImpl.lambda$textContent$38(FrameImpl.java:813)
at com.microsoft.playwright.impl.LoggingSupport.withLogging(LoggingSupport.java:47)
at com.microsoft.playwright.impl.ChannelOwner.withLogging(ChannelOwner.java:87)
at com.microsoft.playwright.impl.FrameImpl.textContent(FrameImpl.java:813)
at com.microsoft.playwright.impl.LocatorImpl.textContent(LocatorImpl.java:561)
at com.microsoft.playwright.Locator.textContent(Locator.java:4859)
at functional_Test_Cases.AWC006_Freeze_Release_Status.dVT1_WIP_To_EQR(AWC006_Freeze_Release_Status.java:225)
at java.base/jdk.internal.reflect.NativeMethodAccessorImpl.invoke0(Native Method)
at java.base/jdk.internal.reflect.NativeMethodAccessorImpl.invoke(NativeMethodAccessorImpl.java:77)
at java.base/jdk.internal.reflect.DelegatingMethodAccessorImpl.invoke(DelegatingMethodAccessorImpl.java:43)
at java.base/java.lang.reflect.Method.invoke(Method.java:568)
at org.testng.internal.MethodInvocationHelper.invokeMethod(MethodInvocationHelper.java:133)
at org.testng.internal.TestInvoker.invokeMethod(TestInvoker.java:598)
at org.testng.internal.TestInvoker.invokeTestMethod(TestInvoker.java:173)
at org.testng.internal.MethodRunner.runInSequence(MethodRunner.java:46)
at org.testng.internal.TestInvoker$MethodInvocationAgent.invoke(TestInvoker.java:824)
at org.testng.internal.TestInvoker.invokeTestMethods(TestInvoker.java:146)
at org.testng.internal.TestMethodWorker.invokeTestMethods(TestMethodWorker.java:146)
at org.testng.internal.TestMethodWorker.run(TestMethodWorker.java:128)
at java.base/java.util.ArrayList.forEach(ArrayList.java:1511)
at org.testng.TestRunner.privateRun(TestRunner.java:794)
at org.testng.TestRunner.run(TestRunner.java:596)
at org.testng.SuiteRunner.runTest(SuiteRunner.java:377)
at org.testng.SuiteRunner.runSequentially(SuiteRunner.java:371)
at org.testng.SuiteRunner.privateRun(SuiteRunner.java:332)
at org.testng.SuiteRunner.run(SuiteRunner.java:276)
at org.testng.SuiteRunnerWorker.runSuite(SuiteRunnerWorker.java:53)
at org.testng.SuiteRunnerWorker.run(SuiteRunnerWorker.java:96)
at org.testng.TestNG.runSuitesSequentially(TestNG.java:1212)
at org.testng.TestNG.runSuitesLocally(TestNG.java:1134)
at org.testng.TestNG.runSuites(TestNG.java:1063)
at org.testng.TestNG.run(TestNG.java:1031)
at org.testng.remote.AbstractRemoteTestNG.run(AbstractRemoteTestNG.java:115)
at org.testng.remote.RemoteTestNG.initAndRun(RemoteTestNG.java:251)
at org.testng.remote.RemoteTestNG.main(RemoteTestNG.java:77)
Caused by: com.microsoft.playwright.impl.DriverException: Error {
  message='Target closed
=========================== logs ===========================
waiting for locator("xpath=//span[@class='noty_text']")
============================================================
  name='Error
  stack='Error: Target closed
=========================== logs ===========================
waiting for locator("xpath=//span[@class='noty_text']")
============================================================
    at CRSession.send (C:\Users\fbtcuser\AppData\Local\Temp\playwright-java-14387927397001221178\package\lib\server\chromium\crConnection.js:163:34)
    at CRExecutionContext.evaluateWithArguments (C:\Users\fbtcuser\AppData\Local\Temp\playwright-java-14387927397001221178\package\lib\server\chromium\crExecutionContext.js:78:28)
    at FrameExecutionContext.evaluateWithArguments (C:\Users\fbtcuser\AppData\Local\Temp\playwright-java-14387927397001221178\package\lib\server\javascript.js:61:61)
    at evaluateExpression (C:\Users\fbtcuser\AppData\Local\Temp\playwright-java-14387927397001221178\package\lib\server\javascript.js:241:26)
    at async C:\Users\fbtcuser\AppData\Local\Temp\playwright-java-14387927397001221178\package\lib\server\frames.js:1416:13
    at async Frame.retryWithProgressAndTimeouts (C:\Users\fbtcuser\AppData\Local\Temp\playwright-java-14387927397001221178\package\lib\server\frames.js:920:24)
    at async ProgressController.run (C:\Users\fbtcuser\AppData\Local\Temp\playwright-java-14387927397001221178\package\lib\server\progress.js:92:22)
    at async FrameDispatcher.textContent (C:\Users\fbtcuser\AppData\Local\Temp\playwright-java-14387927397001221178\package\lib\server\dispatchers\frameDispatcher.js:172:19)
    at async DispatcherConnection.dispatch (C:\Users\fbtcuser\AppData\Local\Temp\playwright-java-14387927397001221178\package\lib\server\dispatchers\dispatcher.js:312:22)
}
at com.microsoft.playwright.impl.Connection.dispatch(Connection.java:226)
at com.microsoft.playwright.impl.Connection.processOneMessage(Connection.java:206)
at com.microsoft.playwright.impl.ChannelOwner.runUntil(ChannelOwner.java:109)
... 38 more
]]>
    </error>
  </testcase> <!-- dVT1_WIP_To_EQR -->
  <system-out/>
  <testcase classname="functional_Test_Cases.AWC006_Freeze_Release_Status" name="dVT2_WIP_To_EQR" time="121.098"/>
  <system-out/>
  <testcase classname="functional_Test_Cases.AWC006_Freeze_Release_Status" name="Dvt3_WIP_To_EQR" time="113.232">
    <error message="Error {
  message=&#039;Target closed
=========================== logs ===========================
waiting for locator(&quot;xpath=//span[@class=&#039;noty_text&#039;]&quot;)
============================================================
  name=&#039;Error
  stack=&#039;Error: Target closed
=========================== logs ===========================
waiting for locator(&quot;xpath=//span[@class=&#039;noty_text&#039;]&quot;)
============================================================
    at CRSession.send (C:\Users\fbtcuser\AppData\Local\Temp\playwright-java-14387927397001221178\package\lib\server\chromium\crConnection.js:163:34)
    at CRExecutionContext.evaluateWithArguments (C:\Users\fbtcuser\AppData\Local\Temp\playwright-java-14387927397001221178\package\lib\server\chromium\crExecutionContext.js:78:28)
    at FrameExecutionContext.evaluateWithArguments (C:\Users\fbtcuser\AppData\Local\Temp\playwright-java-14387927397001221178\package\lib\server\javascript.js:61:61)
    at evaluateExpression (C:\Users\fbtcuser\AppData\Local\Temp\playwright-java-14387927397001221178\package\lib\server\javascript.js:241:26)
    at async C:\Users\fbtcuser\AppData\Local\Temp\playwright-java-14387927397001221178\package\lib\server\frames.js:1416:13
    at async Frame.retryWithProgressAndTimeouts (C:\Users\fbtcuser\AppData\Local\Temp\playwright-java-14387927397001221178\package\lib\server\frames.js:920:24)
    at async ProgressController.run (C:\Users\fbtcuser\AppData\Local\Temp\playwright-java-14387927397001221178\package\lib\server\progress.js:92:22)
    at async FrameDispatcher.textContent (C:\Users\fbtcuser\AppData\Local\Temp\playwright-java-14387927397001221178\package\lib\server\dispatchers\frameDispatcher.js:172:19)
    at async DispatcherConnection.dispatch (C:\Users\fbtcuser\AppData\Local\Temp\playwright-java-14387927397001221178\package\lib\server\dispatchers\dispatcher.js:312:22)
}" type="com.microsoft.playwright.PlaywrightException">
      <![CDATA[com.microsoft.playwright.PlaywrightException: Error {
  message='Target closed
=========================== logs ===========================
waiting for locator("xpath=//span[@class='noty_text']")
============================================================
  name='Error
  stack='Error: Target closed
=========================== logs ===========================
waiting for locator("xpath=//span[@class='noty_text']")
============================================================
    at CRSession.send (C:\Users\fbtcuser\AppData\Local\Temp\playwright-java-14387927397001221178\package\lib\server\chromium\crConnection.js:163:34)
    at CRExecutionContext.evaluateWithArguments (C:\Users\fbtcuser\AppData\Local\Temp\playwright-java-14387927397001221178\package\lib\server\chromium\crExecutionContext.js:78:28)
    at FrameExecutionContext.evaluateWithArguments (C:\Users\fbtcuser\AppData\Local\Temp\playwright-java-14387927397001221178\package\lib\server\javascript.js:61:61)
    at evaluateExpression (C:\Users\fbtcuser\AppData\Local\Temp\playwright-java-14387927397001221178\package\lib\server\javascript.js:241:26)
    at async C:\Users\fbtcuser\AppData\Local\Temp\playwright-java-14387927397001221178\package\lib\server\frames.js:1416:13
    at async Frame.retryWithProgressAndTimeouts (C:\Users\fbtcuser\AppData\Local\Temp\playwright-java-14387927397001221178\package\lib\server\frames.js:920:24)
    at async ProgressController.run (C:\Users\fbtcuser\AppData\Local\Temp\playwright-java-14387927397001221178\package\lib\server\progress.js:92:22)
    at async FrameDispatcher.textContent (C:\Users\fbtcuser\AppData\Local\Temp\playwright-java-14387927397001221178\package\lib\server\dispatchers\frameDispatcher.js:172:19)
    at async DispatcherConnection.dispatch (C:\Users\fbtcuser\AppData\Local\Temp\playwright-java-14387927397001221178\package\lib\server\dispatchers\dispatcher.js:312:22)
}
at com.microsoft.playwright.impl.WaitableResult.get(WaitableResult.java:54)
at com.microsoft.playwright.impl.ChannelOwner.runUntil(ChannelOwner.java:111)
at com.microsoft.playwright.impl.Connection.sendMessage(Connection.java:126)
at com.microsoft.playwright.impl.ChannelOwner.sendMessage(ChannelOwner.java:102)
at com.microsoft.playwright.impl.FrameImpl.textContentImpl(FrameImpl.java:822)
at com.microsoft.playwright.impl.FrameImpl.lambda$textContent$38(FrameImpl.java:813)
at com.microsoft.playwright.impl.LoggingSupport.withLogging(LoggingSupport.java:47)
at com.microsoft.playwright.impl.ChannelOwner.withLogging(ChannelOwner.java:87)
at com.microsoft.playwright.impl.FrameImpl.textContent(FrameImpl.java:813)
at com.microsoft.playwright.impl.LocatorImpl.textContent(LocatorImpl.java:561)
at com.microsoft.playwright.Locator.textContent(Locator.java:4859)
at functional_Test_Cases.AWC006_Freeze_Release_Status.Dvt3_WIP_To_EQR(AWC006_Freeze_Release_Status.java:315)
at java.base/jdk.internal.reflect.NativeMethodAccessorImpl.invoke0(Native Method)
at java.base/jdk.internal.reflect.NativeMethodAccessorImpl.invoke(NativeMethodAccessorImpl.java:77)
at java.base/jdk.internal.reflect.DelegatingMethodAccessorImpl.invoke(DelegatingMethodAccessorImpl.java:43)
at java.base/java.lang.reflect.Method.invoke(Method.java:568)
at org.testng.internal.MethodInvocationHelper.invokeMethod(MethodInvocationHelper.java:133)
at org.testng.internal.TestInvoker.invokeMethod(TestInvoker.java:598)
at org.testng.internal.TestInvoker.invokeTestMethod(TestInvoker.java:173)
at org.testng.internal.MethodRunner.runInSequence(MethodRunner.java:46)
at org.testng.internal.TestInvoker$MethodInvocationAgent.invoke(TestInvoker.java:824)
at org.testng.internal.TestInvoker.invokeTestMethods(TestInvoker.java:146)
at org.testng.internal.TestMethodWorker.invokeTestMethods(TestMethodWorker.java:146)
at org.testng.internal.TestMethodWorker.run(TestMethodWorker.java:128)
at java.base/java.util.ArrayList.forEach(ArrayList.java:1511)
at org.testng.TestRunner.privateRun(TestRunner.java:794)
at org.testng.TestRunner.run(TestRunner.java:596)
at org.testng.SuiteRunner.runTest(SuiteRunner.java:377)
at org.testng.SuiteRunner.runSequentially(SuiteRunner.java:371)
at org.testng.SuiteRunner.privateRun(SuiteRunner.java:332)
at org.testng.SuiteRunner.run(SuiteRunner.java:276)
at org.testng.SuiteRunnerWorker.runSuite(SuiteRunnerWorker.java:53)
at org.testng.SuiteRunnerWorker.run(SuiteRunnerWorker.java:96)
at org.testng.TestNG.runSuitesSequentially(TestNG.java:1212)
at org.testng.TestNG.runSuitesLocally(TestNG.java:1134)
at org.testng.TestNG.runSuites(TestNG.java:1063)
at org.testng.TestNG.run(TestNG.java:1031)
at org.testng.remote.AbstractRemoteTestNG.run(AbstractRemoteTestNG.java:115)
at org.testng.remote.RemoteTestNG.initAndRun(RemoteTestNG.java:251)
at org.testng.remote.RemoteTestNG.main(RemoteTestNG.java:77)
Caused by: com.microsoft.playwright.impl.DriverException: Error {
  message='Target closed
=========================== logs ===========================
waiting for locator("xpath=//span[@class='noty_text']")
============================================================
  name='Error
  stack='Error: Target closed
=========================== logs ===========================
waiting for locator("xpath=//span[@class='noty_text']")
============================================================
    at CRSession.send (C:\Users\fbtcuser\AppData\Local\Temp\playwright-java-14387927397001221178\package\lib\server\chromium\crConnection.js:163:34)
    at CRExecutionContext.evaluateWithArguments (C:\Users\fbtcuser\AppData\Local\Temp\playwright-java-14387927397001221178\package\lib\server\chromium\crExecutionContext.js:78:28)
    at FrameExecutionContext.evaluateWithArguments (C:\Users\fbtcuser\AppData\Local\Temp\playwright-java-14387927397001221178\package\lib\server\javascript.js:61:61)
    at evaluateExpression (C:\Users\fbtcuser\AppData\Local\Temp\playwright-java-14387927397001221178\package\lib\server\javascript.js:241:26)
    at async C:\Users\fbtcuser\AppData\Local\Temp\playwright-java-14387927397001221178\package\lib\server\frames.js:1416:13
    at async Frame.retryWithProgressAndTimeouts (C:\Users\fbtcuser\AppData\Local\Temp\playwright-java-14387927397001221178\package\lib\server\frames.js:920:24)
    at async ProgressController.run (C:\Users\fbtcuser\AppData\Local\Temp\playwright-java-14387927397001221178\package\lib\server\progress.js:92:22)
    at async FrameDispatcher.textContent (C:\Users\fbtcuser\AppData\Local\Temp\playwright-java-14387927397001221178\package\lib\server\dispatchers\frameDispatcher.js:172:19)
    at async DispatcherConnection.dispatch (C:\Users\fbtcuser\AppData\Local\Temp\playwright-java-14387927397001221178\package\lib\server\dispatchers\dispatcher.js:312:22)
}
at com.microsoft.playwright.impl.Connection.dispatch(Connection.java:226)
at com.microsoft.playwright.impl.Connection.processOneMessage(Connection.java:206)
at com.microsoft.playwright.impl.ChannelOwner.runUntil(ChannelOwner.java:109)
... 38 more
]]>
    </error>
  </testcase> <!-- Dvt3_WIP_To_EQR -->
  <system-out/>
  <testcase classname="functional_Test_Cases.AWC006_Freeze_Release_Status" name="eVT1_WIP_To_EQR" time="108.863">
    <error message="Error {
  message=&#039;Target closed
=========================== logs ===========================
waiting for locator(&quot;xpath=//span[@class=&#039;noty_text&#039;]&quot;)
============================================================
  name=&#039;Error
  stack=&#039;Error: Target closed
=========================== logs ===========================
waiting for locator(&quot;xpath=//span[@class=&#039;noty_text&#039;]&quot;)
============================================================
    at CRSession.send (C:\Users\fbtcuser\AppData\Local\Temp\playwright-java-14387927397001221178\package\lib\server\chromium\crConnection.js:163:34)
    at CRExecutionContext.evaluateWithArguments (C:\Users\fbtcuser\AppData\Local\Temp\playwright-java-14387927397001221178\package\lib\server\chromium\crExecutionContext.js:78:28)
    at FrameExecutionContext.evaluateWithArguments (C:\Users\fbtcuser\AppData\Local\Temp\playwright-java-14387927397001221178\package\lib\server\javascript.js:61:61)
    at evaluateExpression (C:\Users\fbtcuser\AppData\Local\Temp\playwright-java-14387927397001221178\package\lib\server\javascript.js:241:26)
    at async C:\Users\fbtcuser\AppData\Local\Temp\playwright-java-14387927397001221178\package\lib\server\frames.js:1416:13
    at async Frame.retryWithProgressAndTimeouts (C:\Users\fbtcuser\AppData\Local\Temp\playwright-java-14387927397001221178\package\lib\server\frames.js:920:24)
    at async ProgressController.run (C:\Users\fbtcuser\AppData\Local\Temp\playwright-java-14387927397001221178\package\lib\server\progress.js:92:22)
    at async FrameDispatcher.textContent (C:\Users\fbtcuser\AppData\Local\Temp\playwright-java-14387927397001221178\package\lib\server\dispatchers\frameDispatcher.js:172:19)
    at async DispatcherConnection.dispatch (C:\Users\fbtcuser\AppData\Local\Temp\playwright-java-14387927397001221178\package\lib\server\dispatchers\dispatcher.js:312:22)
}" type="com.microsoft.playwright.PlaywrightException">
      <![CDATA[com.microsoft.playwright.PlaywrightException: Error {
  message='Target closed
=========================== logs ===========================
waiting for locator("xpath=//span[@class='noty_text']")
============================================================
  name='Error
  stack='Error: Target closed
=========================== logs ===========================
waiting for locator("xpath=//span[@class='noty_text']")
============================================================
    at CRSession.send (C:\Users\fbtcuser\AppData\Local\Temp\playwright-java-14387927397001221178\package\lib\server\chromium\crConnection.js:163:34)
    at CRExecutionContext.evaluateWithArguments (C:\Users\fbtcuser\AppData\Local\Temp\playwright-java-14387927397001221178\package\lib\server\chromium\crExecutionContext.js:78:28)
    at FrameExecutionContext.evaluateWithArguments (C:\Users\fbtcuser\AppData\Local\Temp\playwright-java-14387927397001221178\package\lib\server\javascript.js:61:61)
    at evaluateExpression (C:\Users\fbtcuser\AppData\Local\Temp\playwright-java-14387927397001221178\package\lib\server\javascript.js:241:26)
    at async C:\Users\fbtcuser\AppData\Local\Temp\playwright-java-14387927397001221178\package\lib\server\frames.js:1416:13
    at async Frame.retryWithProgressAndTimeouts (C:\Users\fbtcuser\AppData\Local\Temp\playwright-java-14387927397001221178\package\lib\server\frames.js:920:24)
    at async ProgressController.run (C:\Users\fbtcuser\AppData\Local\Temp\playwright-java-14387927397001221178\package\lib\server\progress.js:92:22)
    at async FrameDispatcher.textContent (C:\Users\fbtcuser\AppData\Local\Temp\playwright-java-14387927397001221178\package\lib\server\dispatchers\frameDispatcher.js:172:19)
    at async DispatcherConnection.dispatch (C:\Users\fbtcuser\AppData\Local\Temp\playwright-java-14387927397001221178\package\lib\server\dispatchers\dispatcher.js:312:22)
}
at com.microsoft.playwright.impl.WaitableResult.get(WaitableResult.java:54)
at com.microsoft.playwright.impl.ChannelOwner.runUntil(ChannelOwner.java:111)
at com.microsoft.playwright.impl.Connection.sendMessage(Connection.java:126)
at com.microsoft.playwright.impl.ChannelOwner.sendMessage(ChannelOwner.java:102)
at com.microsoft.playwright.impl.FrameImpl.textContentImpl(FrameImpl.java:822)
at com.microsoft.playwright.impl.FrameImpl.lambda$textContent$38(FrameImpl.java:813)
at com.microsoft.playwright.impl.LoggingSupport.withLogging(LoggingSupport.java:47)
at com.microsoft.playwright.impl.ChannelOwner.withLogging(ChannelOwner.java:87)
at com.microsoft.playwright.impl.FrameImpl.textContent(FrameImpl.java:813)
at com.microsoft.playwright.impl.LocatorImpl.textContent(LocatorImpl.java:561)
at com.microsoft.playwright.Locator.textContent(Locator.java:4859)
at functional_Test_Cases.AWC006_Freeze_Release_Status.eVT1_WIP_To_EQR(AWC006_Freeze_Release_Status.java:339)
at java.base/jdk.internal.reflect.NativeMethodAccessorImpl.invoke0(Native Method)
at java.base/jdk.internal.reflect.NativeMethodAccessorImpl.invoke(NativeMethodAccessorImpl.java:77)
at java.base/jdk.internal.reflect.DelegatingMethodAccessorImpl.invoke(DelegatingMethodAccessorImpl.java:43)
at java.base/java.lang.reflect.Method.invoke(Method.java:568)
at org.testng.internal.MethodInvocationHelper.invokeMethod(MethodInvocationHelper.java:133)
at org.testng.internal.TestInvoker.invokeMethod(TestInvoker.java:598)
at org.testng.internal.TestInvoker.invokeTestMethod(TestInvoker.java:173)
at org.testng.internal.MethodRunner.runInSequence(MethodRunner.java:46)
at org.testng.internal.TestInvoker$MethodInvocationAgent.invoke(TestInvoker.java:824)
at org.testng.internal.TestInvoker.invokeTestMethods(TestInvoker.java:146)
at org.testng.internal.TestMethodWorker.invokeTestMethods(TestMethodWorker.java:146)
at org.testng.internal.TestMethodWorker.run(TestMethodWorker.java:128)
at java.base/java.util.ArrayList.forEach(ArrayList.java:1511)
at org.testng.TestRunner.privateRun(TestRunner.java:794)
at org.testng.TestRunner.run(TestRunner.java:596)
at org.testng.SuiteRunner.runTest(SuiteRunner.java:377)
at org.testng.SuiteRunner.runSequentially(SuiteRunner.java:371)
at org.testng.SuiteRunner.privateRun(SuiteRunner.java:332)
at org.testng.SuiteRunner.run(SuiteRunner.java:276)
at org.testng.SuiteRunnerWorker.runSuite(SuiteRunnerWorker.java:53)
at org.testng.SuiteRunnerWorker.run(SuiteRunnerWorker.java:96)
at org.testng.TestNG.runSuitesSequentially(TestNG.java:1212)
at org.testng.TestNG.runSuitesLocally(TestNG.java:1134)
at org.testng.TestNG.runSuites(TestNG.java:1063)
at org.testng.TestNG.run(TestNG.java:1031)
at org.testng.remote.AbstractRemoteTestNG.run(AbstractRemoteTestNG.java:115)
at org.testng.remote.RemoteTestNG.initAndRun(RemoteTestNG.java:251)
at org.testng.remote.RemoteTestNG.main(RemoteTestNG.java:77)
Caused by: com.microsoft.playwright.impl.DriverException: Error {
  message='Target closed
=========================== logs ===========================
waiting for locator("xpath=//span[@class='noty_text']")
============================================================
  name='Error
  stack='Error: Target closed
=========================== logs ===========================
waiting for locator("xpath=//span[@class='noty_text']")
============================================================
    at CRSession.send (C:\Users\fbtcuser\AppData\Local\Temp\playwright-java-14387927397001221178\package\lib\server\chromium\crConnection.js:163:34)
    at CRExecutionContext.evaluateWithArguments (C:\Users\fbtcuser\AppData\Local\Temp\playwright-java-14387927397001221178\package\lib\server\chromium\crExecutionContext.js:78:28)
    at FrameExecutionContext.evaluateWithArguments (C:\Users\fbtcuser\AppData\Local\Temp\playwright-java-14387927397001221178\package\lib\server\javascript.js:61:61)
    at evaluateExpression (C:\Users\fbtcuser\AppData\Local\Temp\playwright-java-14387927397001221178\package\lib\server\javascript.js:241:26)
    at async C:\Users\fbtcuser\AppData\Local\Temp\playwright-java-14387927397001221178\package\lib\server\frames.js:1416:13
    at async Frame.retryWithProgressAndTimeouts (C:\Users\fbtcuser\AppData\Local\Temp\playwright-java-14387927397001221178\package\lib\server\frames.js:920:24)
    at async ProgressController.run (C:\Users\fbtcuser\AppData\Local\Temp\playwright-java-14387927397001221178\package\lib\server\progress.js:92:22)
    at async FrameDispatcher.textContent (C:\Users\fbtcuser\AppData\Local\Temp\playwright-java-14387927397001221178\package\lib\server\dispatchers\frameDispatcher.js:172:19)
    at async DispatcherConnection.dispatch (C:\Users\fbtcuser\AppData\Local\Temp\playwright-java-14387927397001221178\package\lib\server\dispatchers\dispatcher.js:312:22)
}
at com.microsoft.playwright.impl.Connection.dispatch(Connection.java:226)
at com.microsoft.playwright.impl.Connection.processOneMessage(Connection.java:206)
at com.microsoft.playwright.impl.ChannelOwner.runUntil(ChannelOwner.java:109)
... 38 more
]]>
    </error>
  </testcase> <!-- eVT1_WIP_To_EQR -->
  <system-out/>
  <testcase classname="functional_Test_Cases.AWC006_Freeze_Release_Status" name="eVT2_WIP_To_EQR" time="64.425"/>
  <system-out/>
  <testcase classname="functional_Test_Cases.AWC006_Freeze_Release_Status" name="eVT3_WIP_To_EQR" time="61.991">
    <error message="Error {
  message=&#039;Target closed
=========================== logs ===========================
waiting for locator(&quot;xpath=//button[@action=&#039;doQuickSearch&#039;]&quot;)
============================================================
  name=&#039;Error
  stack=&#039;Error: Target closed
=========================== logs ===========================
waiting for locator(&quot;xpath=//button[@action=&#039;doQuickSearch&#039;]&quot;)
============================================================
    at CRSession.send (C:\Users\fbtcuser\AppData\Local\Temp\playwright-java-14387927397001221178\package\lib\server\chromium\crConnection.js:163:34)
    at CRExecutionContext.evaluateWithArguments (C:\Users\fbtcuser\AppData\Local\Temp\playwright-java-14387927397001221178\package\lib\server\chromium\crExecutionContext.js:78:28)
    at FrameExecutionContext.evaluateWithArguments (C:\Users\fbtcuser\AppData\Local\Temp\playwright-java-14387927397001221178\package\lib\server\javascript.js:61:61)
    at evaluateExpression (C:\Users\fbtcuser\AppData\Local\Temp\playwright-java-14387927397001221178\package\lib\server\javascript.js:241:26)
    at async C:\Users\fbtcuser\AppData\Local\Temp\playwright-java-14387927397001221178\package\lib\server\frames.js:949:22
    at async Frame.retryWithProgressAndTimeouts (C:\Users\fbtcuser\AppData\Local\Temp\playwright-java-14387927397001221178\package\lib\server\frames.js:920:24)
    at async C:\Users\fbtcuser\AppData\Local\Temp\playwright-java-14387927397001221178\package\lib\server\frames.js:1004:29
    at async ProgressController.run (C:\Users\fbtcuser\AppData\Local\Temp\playwright-java-14387927397001221178\package\lib\server\progress.js:92:22)
    at async FrameDispatcher.click (C:\Users\fbtcuser\AppData\Local\Temp\playwright-java-14387927397001221178\package\lib\server\dispatchers\frameDispatcher.js:151:12)
    at async DispatcherConnection.dispatch (C:\Users\fbtcuser\AppData\Local\Temp\playwright-java-14387927397001221178\package\lib\server\dispatchers\dispatcher.js:312:22)
}" type="com.microsoft.playwright.PlaywrightException">
      <![CDATA[com.microsoft.playwright.PlaywrightException: Error {
  message='Target closed
=========================== logs ===========================
waiting for locator("xpath=//button[@action='doQuickSearch']")
============================================================
  name='Error
  stack='Error: Target closed
=========================== logs ===========================
waiting for locator("xpath=//button[@action='doQuickSearch']")
============================================================
    at CRSession.send (C:\Users\fbtcuser\AppData\Local\Temp\playwright-java-14387927397001221178\package\lib\server\chromium\crConnection.js:163:34)
    at CRExecutionContext.evaluateWithArguments (C:\Users\fbtcuser\AppData\Local\Temp\playwright-java-14387927397001221178\package\lib\server\chromium\crExecutionContext.js:78:28)
    at FrameExecutionContext.evaluateWithArguments (C:\Users\fbtcuser\AppData\Local\Temp\playwright-java-14387927397001221178\package\lib\server\javascript.js:61:61)
    at evaluateExpression (C:\Users\fbtcuser\AppData\Local\Temp\playwright-java-14387927397001221178\package\lib\server\javascript.js:241:26)
    at async C:\Users\fbtcuser\AppData\Local\Temp\playwright-java-14387927397001221178\package\lib\server\frames.js:949:22
    at async Frame.retryWithProgressAndTimeouts (C:\Users\fbtcuser\AppData\Local\Temp\playwright-java-14387927397001221178\package\lib\server\frames.js:920:24)
    at async C:\Users\fbtcuser\AppData\Local\Temp\playwright-java-14387927397001221178\package\lib\server\frames.js:1004:29
    at async ProgressController.run (C:\Users\fbtcuser\AppData\Local\Temp\playwright-java-14387927397001221178\package\lib\server\progress.js:92:22)
    at async FrameDispatcher.click (C:\Users\fbtcuser\AppData\Local\Temp\playwright-java-14387927397001221178\package\lib\server\dispatchers\frameDispatcher.js:151:12)
    at async DispatcherConnection.dispatch (C:\Users\fbtcuser\AppData\Local\Temp\playwright-java-14387927397001221178\package\lib\server\dispatchers\dispatcher.js:312:22)
}
at com.microsoft.playwright.impl.WaitableResult.get(WaitableResult.java:54)
at com.microsoft.playwright.impl.ChannelOwner.runUntil(ChannelOwner.java:111)
at com.microsoft.playwright.impl.Connection.sendMessage(Connection.java:126)
at com.microsoft.playwright.impl.ChannelOwner.sendMessage(ChannelOwner.java:102)
at com.microsoft.playwright.impl.FrameImpl.clickImpl(FrameImpl.java:252)
at com.microsoft.playwright.impl.PageImpl.lambda$click$17(PageImpl.java:586)
at com.microsoft.playwright.impl.LoggingSupport.lambda$withLogging$0(LoggingSupport.java:36)
at com.microsoft.playwright.impl.LoggingSupport.withLogging(LoggingSupport.java:47)
at com.microsoft.playwright.impl.ChannelOwner.withLogging(ChannelOwner.java:87)
at com.microsoft.playwright.impl.LoggingSupport.withLogging(LoggingSupport.java:35)
at com.microsoft.playwright.impl.PageImpl.click(PageImpl.java:585)
at com.microsoft.playwright.Page.click(Page.java:3741)
at pages.AdvancedSearchPage.search_Advanced(AdvancedSearchPage.java:37)
at functional_Test_Cases.AWC006_Freeze_Release_Status.eVT3_WIP_To_EQR(AWC006_Freeze_Release_Status.java:420)
at java.base/jdk.internal.reflect.NativeMethodAccessorImpl.invoke0(Native Method)
at java.base/jdk.internal.reflect.NativeMethodAccessorImpl.invoke(NativeMethodAccessorImpl.java:77)
at java.base/jdk.internal.reflect.DelegatingMethodAccessorImpl.invoke(DelegatingMethodAccessorImpl.java:43)
at java.base/java.lang.reflect.Method.invoke(Method.java:568)
at org.testng.internal.MethodInvocationHelper.invokeMethod(MethodInvocationHelper.java:133)
at org.testng.internal.TestInvoker.invokeMethod(TestInvoker.java:598)
at org.testng.internal.TestInvoker.invokeTestMethod(TestInvoker.java:173)
at org.testng.internal.MethodRunner.runInSequence(MethodRunner.java:46)
at org.testng.internal.TestInvoker$MethodInvocationAgent.invoke(TestInvoker.java:824)
at org.testng.internal.TestInvoker.invokeTestMethods(TestInvoker.java:146)
at org.testng.internal.TestMethodWorker.invokeTestMethods(TestMethodWorker.java:146)
at org.testng.internal.TestMethodWorker.run(TestMethodWorker.java:128)
at java.base/java.util.ArrayList.forEach(ArrayList.java:1511)
at org.testng.TestRunner.privateRun(TestRunner.java:794)
at org.testng.TestRunner.run(TestRunner.java:596)
at org.testng.SuiteRunner.runTest(SuiteRunner.java:377)
at org.testng.SuiteRunner.runSequentially(SuiteRunner.java:371)
at org.testng.SuiteRunner.privateRun(SuiteRunner.java:332)
at org.testng.SuiteRunner.run(SuiteRunner.java:276)
at org.testng.SuiteRunnerWorker.runSuite(SuiteRunnerWorker.java:53)
at org.testng.SuiteRunnerWorker.run(SuiteRunnerWorker.java:96)
at org.testng.TestNG.runSuitesSequentially(TestNG.java:1212)
at org.testng.TestNG.runSuitesLocally(TestNG.java:1134)
at org.testng.TestNG.runSuites(TestNG.java:1063)
at org.testng.TestNG.run(TestNG.java:1031)
at org.testng.remote.AbstractRemoteTestNG.run(AbstractRemoteTestNG.java:115)
at org.testng.remote.RemoteTestNG.initAndRun(RemoteTestNG.java:251)
at org.testng.remote.RemoteTestNG.main(RemoteTestNG.java:77)
Caused by: com.microsoft.playwright.impl.DriverException: Error {
  message='Target closed
=========================== logs ===========================
waiting for locator("xpath=//button[@action='doQuickSearch']")
============================================================
  name='Error
  stack='Error: Target closed
=========================== logs ===========================
waiting for locator("xpath=//button[@action='doQuickSearch']")
============================================================
    at CRSession.send (C:\Users\fbtcuser\AppData\Local\Temp\playwright-java-14387927397001221178\package\lib\server\chromium\crConnection.js:163:34)
    at CRExecutionContext.evaluateWithArguments (C:\Users\fbtcuser\AppData\Local\Temp\playwright-java-14387927397001221178\package\lib\server\chromium\crExecutionContext.js:78:28)
    at FrameExecutionContext.evaluateWithArguments (C:\Users\fbtcuser\AppData\Local\Temp\playwright-java-14387927397001221178\package\lib\server\javascript.js:61:61)
    at evaluateExpression (C:\Users\fbtcuser\AppData\Local\Temp\playwright-java-14387927397001221178\package\lib\server\javascript.js:241:26)
    at async C:\Users\fbtcuser\AppData\Local\Temp\playwright-java-14387927397001221178\package\lib\server\frames.js:949:22
    at async Frame.retryWithProgressAndTimeouts (C:\Users\fbtcuser\AppData\Local\Temp\playwright-java-14387927397001221178\package\lib\server\frames.js:920:24)
    at async C:\Users\fbtcuser\AppData\Local\Temp\playwright-java-14387927397001221178\package\lib\server\frames.js:1004:29
    at async ProgressController.run (C:\Users\fbtcuser\AppData\Local\Temp\playwright-java-14387927397001221178\package\lib\server\progress.js:92:22)
    at async FrameDispatcher.click (C:\Users\fbtcuser\AppData\Local\Temp\playwright-java-14387927397001221178\package\lib\server\dispatchers\frameDispatcher.js:151:12)
    at async DispatcherConnection.dispatch (C:\Users\fbtcuser\AppData\Local\Temp\playwright-java-14387927397001221178\package\lib\server\dispatchers\dispatcher.js:312:22)
}
at com.microsoft.playwright.impl.Connection.dispatch(Connection.java:226)
at com.microsoft.playwright.impl.Connection.processOneMessage(Connection.java:206)
at com.microsoft.playwright.impl.ChannelOwner.runUntil(ChannelOwner.java:109)
... 40 more
]]>
    </error>
  </testcase> <!-- eVT3_WIP_To_EQR -->
  <system-out/>
  <testcase classname="functional_Test_Cases.AWC006_Freeze_Release_Status" name="pVT1_WIP_To_EQR" time="253.749"/>
  <system-out/>
  <testcase classname="functional_Test_Cases.AWC006_Freeze_Release_Status" name="pVT2_WIP_To_EQR" time="109.309"/>
  <system-out/>
</testsuite> <!-- functional_Test_Cases.AWC006_Freeze_Release_Status -->
