<?xml version="1.0" encoding="UTF-8"?>
<!-- Generated by org.testng.reporters.JUnitReportReporter -->
<testsuite hostname="FBTCDEV3" failures="0" tests="4" name="negative_Test_Cases.AWC003Submit_To_Workflow" time="137.900" errors="0" timestamp="2023-11-24T05:16:35 UTC" skipped="0">
  <testcase classname="negative_Test_Cases.AWC003Submit_To_Workflow" name="submit_To_Workflow_P3_WIP" time="39.439"/>
  <system-out/>
  <testcase classname="negative_Test_Cases.AWC003Submit_To_Workflow" name="submit_To_Workflow_DVT3_WIP" time="32.533"/>
  <system-out/>
  <testcase classname="negative_Test_Cases.AWC003Submit_To_Workflow" name="submit_To_Workflow_EVT3_WIP" time="32.664"/>
  <system-out/>
  <testcase classname="negative_Test_Cases.AWC003Submit_To_Workflow" name="submit_To_Workflow_PVT2_WIP" time="33.264"/>
  <system-out/>
</testsuite> <!-- negative_Test_Cases.AWC003Submit_To_Workflow -->
