<?xml version="1.0" encoding="UTF-8"?>
<!-- Generated by org.testng.reporters.JUnitReportReporter -->
<testsuite hostname="FBTCDEV3" failures="0" tests="1" name="basic_Test_Cases.AWC002_Invalid_Login" time="8.807" errors="0" timestamp="2023-10-18T05:10:58 UTC" skipped="0">
  <testcase classname="basic_Test_Cases.AWC002_Invalid_Login" name="negative_Login" time="8.807"/>
  <system-out/>
</testsuite> <!-- basic_Test_Cases.AWC002_Invalid_Login -->
