<?xml version="1.0" encoding="UTF-8"?>
<!-- Generated by org.testng.reporters.JUnitReportReporter -->
<testsuite hostname="FBTCDEV3" failures="0" tests="1" name="basic_Test_Cases.AWC003_Folder_Creation" time="30.147" errors="0" timestamp="2023-10-17T05:06:06 UTC" skipped="0">
  <testcase classname="basic_Test_Cases.AWC003_Folder_Creation" name="folder_Creation" time="30.147"/>
  <system-out/>
</testsuite> <!-- basic_Test_Cases.AWC003_Folder_Creation -->
