<?xml version="1.0" encoding="UTF-8"?>
<!-- Generated by org.testng.reporters.JUnitReportReporter -->
<testsuite hostname="FBTCDEV3" failures="0" tests="1" name="basic_Test_Cases.AWC006_Download_Dataset" time="20.087" errors="0" timestamp="2023-10-17T07:17:38 UTC" skipped="0">
  <testcase classname="basic_Test_Cases.AWC006_Download_Dataset" name="download_Dataset" time="20.087"/>
  <system-out/>
</testsuite> <!-- basic_Test_Cases.AWC006_Download_Dataset -->
