<?xml version="1.0" encoding="UTF-8"?>
<!-- Generated by org.testng.reporters.JUnitReportReporter -->
<testsuite hostname="FBTCDEV3" failures="0" tests="1" name="basic_Test_Cases.LoginSession1" time="11.267" errors="0" timestamp="2023-12-06T15:00:16 UTC" skipped="0">
  <testcase classname="basic_Test_Cases.LoginSession1" name="login_Method" time="11.267"/>
  <system-out/>
</testsuite> <!-- basic_Test_Cases.LoginSession1 -->
