<?xml version="1.0" encoding="UTF-8"?>
<!-- Generated by org.testng.reporters.JUnitReportReporter -->
<testsuite hostname="FBTCDEV3" failures="0" tests="1" name="functional_Test_Cases.AWC008_Create_BOM_Structure" time="142.824" errors="0" timestamp="2023-12-06T15:03:22 UTC" skipped="0">
  <testcase classname="functional_Test_Cases.AWC008_Create_BOM_Structure" name="create_BOM" time="142.824"/>
  <system-out/>
</testsuite> <!-- functional_Test_Cases.AWC008_Create_BOM_Structure -->
