<?xml version="1.0" encoding="UTF-8"?>
<!-- Generated by org.testng.reporters.JUnitReportReporter -->
<testsuite hostname="FBTCDEV3" failures="0" tests="13" name="functional_Test_Cases.AWC003Enable_Using_SaveAs" time="309.051" errors="0" timestamp="2023-11-21T18:18:29 UTC" skipped="0">
  <testcase classname="functional_Test_Cases.AWC003Enable_Using_SaveAs" name="enable_Using_SaveAs_General_WIP" time="18.150"/>
  <system-out/>
  <testcase classname="functional_Test_Cases.AWC003Enable_Using_SaveAs" name="enable_Using_SaveAs_P0_WIP" time="24.348"/>
  <system-out/>
  <testcase classname="functional_Test_Cases.AWC003Enable_Using_SaveAs" name="enable_Using_SaveAs_P1_WIP" time="23.496"/>
  <system-out/>
  <testcase classname="functional_Test_Cases.AWC003Enable_Using_SaveAs" name="enable_Using_SaveAs_P2_WIP" time="24.998"/>
  <system-out/>
  <testcase classname="functional_Test_Cases.AWC003Enable_Using_SaveAs" name="enable_Using_SaveAs_P3_WIP" time="23.345"/>
  <system-out/>
  <testcase classname="functional_Test_Cases.AWC003Enable_Using_SaveAs" name="enable_Using_SaveAs_EVT1_WIP" time="24.739"/>
  <system-out/>
  <testcase classname="functional_Test_Cases.AWC003Enable_Using_SaveAs" name="enable_Using_SaveAs_EVT2_WIP" time="23.421"/>
  <system-out/>
  <testcase classname="functional_Test_Cases.AWC003Enable_Using_SaveAs" name="enable_Using_SaveAs_EVT3_WIP" time="23.814"/>
  <system-out/>
  <testcase classname="functional_Test_Cases.AWC003Enable_Using_SaveAs" name="enable_Using_SaveAs_DVT1_WIP" time="23.030"/>
  <system-out/>
  <testcase classname="functional_Test_Cases.AWC003Enable_Using_SaveAs" name="enable_Using_SaveAs_DVT2_WIP" time="28.517"/>
  <system-out/>
  <testcase classname="functional_Test_Cases.AWC003Enable_Using_SaveAs" name="enable_Using_SaveAs_DVT3_WIP" time="23.981"/>
  <system-out/>
  <testcase classname="functional_Test_Cases.AWC003Enable_Using_SaveAs" name="enable_Using_SaveAs_PVT1_WIP" time="24.004"/>
  <system-out/>
  <testcase classname="functional_Test_Cases.AWC003Enable_Using_SaveAs" name="enable_Using_SaveAs_PVT2_WIP" time="23.208"/>
  <system-out/>
</testsuite> <!-- functional_Test_Cases.AWC003Enable_Using_SaveAs -->
