<?xml version="1.0" encoding="UTF-8"?>
<!-- Generated by org.testng.reporters.JUnitReportReporter -->
<testsuite hostname="FBTCDEV3" failures="0" tests="4" name="functional_Test_Cases.AWC002Working_On_Multiple_WIP_Revisions" time="188.018" errors="0" timestamp="2023-11-21T17:36:49 UTC" skipped="0">
  <testcase classname="functional_Test_Cases.AWC002Working_On_Multiple_WIP_Revisions" name="work_On_P0_WIP_Revisions" time="45.135"/>
  <system-out/>
  <testcase classname="functional_Test_Cases.AWC002Working_On_Multiple_WIP_Revisions" name="work_On_EVT1_WIP_Revisions" time="46.425"/>
  <system-out/>
  <testcase classname="functional_Test_Cases.AWC002Working_On_Multiple_WIP_Revisions" name="work_On_DVT1_WIP_Revisions" time="51.185"/>
  <system-out/>
  <testcase classname="functional_Test_Cases.AWC002Working_On_Multiple_WIP_Revisions" name="work_On_PVT1_WIP_Revisions" time="45.273"/>
  <system-out/>
</testsuite> <!-- functional_Test_Cases.AWC002Working_On_Multiple_WIP_Revisions -->
