<?xml version="1.0" encoding="UTF-8"?>
<!-- Generated by org.testng.reporters.JUnitReportReporter -->
<testsuite hostname="FBTCDEV3" failures="0" tests="4" name="functional_Test_Cases.AWC009_Configuration" time="70.220" errors="0" timestamp="2023-11-22T06:52:58 UTC" skipped="0">
  <testcase classname="functional_Test_Cases.AWC009_Configuration" name="configuration_P0_P1_WIP" time="16.680"/>
  <system-out/>
  <testcase classname="functional_Test_Cases.AWC009_Configuration" name="configuration_P0_Release" time="22.133"/>
  <system-out/>
  <testcase classname="functional_Test_Cases.AWC009_Configuration" name="configuration_P1_Release" time="15.760"/>
  <system-out/>
  <testcase classname="functional_Test_Cases.AWC009_Configuration" name="configuration_EQR_Release" time="15.647"/>
  <system-out/>
</testsuite> <!-- functional_Test_Cases.AWC009_Configuration -->
