<?xml version="1.0" encoding="UTF-8"?>
<!-- Generated by org.testng.reporters.JUnitReportReporter -->
<testsuite hostname="FBTCDEV3" failures="0" tests="13" name="functional_Test_Cases.AWC001Restricting_WIP_status" time="367.609" errors="0" timestamp="2023-11-21T16:08:33 UTC" skipped="0">
  <testcase classname="functional_Test_Cases.AWC001Restricting_WIP_status" name="restict_GeneralWIP" time="27.824"/>
  <system-out/>
  <testcase classname="functional_Test_Cases.AWC001Restricting_WIP_status" name="restrict_P0WIP" time="27.430"/>
  <system-out/>
  <testcase classname="functional_Test_Cases.AWC001Restricting_WIP_status" name="restrict_P1WIP" time="27.122"/>
  <system-out/>
  <testcase classname="functional_Test_Cases.AWC001Restricting_WIP_status" name="restrict_P2WIP" time="27.396"/>
  <system-out/>
  <testcase classname="functional_Test_Cases.AWC001Restricting_WIP_status" name="restrict_P3WIP" time="27.713"/>
  <system-out/>
  <testcase classname="functional_Test_Cases.AWC001Restricting_WIP_status" name="restrict_EVT1WIP" time="27.668"/>
  <system-out/>
  <testcase classname="functional_Test_Cases.AWC001Restricting_WIP_status" name="restrict_EVT2WIP" time="27.730"/>
  <system-out/>
  <testcase classname="functional_Test_Cases.AWC001Restricting_WIP_status" name="restrict_EVT3WIP" time="27.402"/>
  <system-out/>
  <testcase classname="functional_Test_Cases.AWC001Restricting_WIP_status" name="restrict_DVT1WIP" time="34.117"/>
  <system-out/>
  <testcase classname="functional_Test_Cases.AWC001Restricting_WIP_status" name="restrict_DVT2WIP" time="28.236"/>
  <system-out/>
  <testcase classname="functional_Test_Cases.AWC001Restricting_WIP_status" name="restrict_DVT3WIP" time="28.705"/>
  <system-out/>
  <testcase classname="functional_Test_Cases.AWC001Restricting_WIP_status" name="restrict_PVT1WIP" time="27.816"/>
  <system-out/>
  <testcase classname="functional_Test_Cases.AWC001Restricting_WIP_status" name="restrict_PVT2WIP" time="28.450"/>
  <system-out/>
</testsuite> <!-- functional_Test_Cases.AWC001Restricting_WIP_status -->
