<?xml version="1.0" encoding="UTF-8"?>
<!-- Generated by org.testng.reporters.JUnitReportReporter -->
<testsuite hostname="FBTCDEV3" failures="0" tests="1" name="basic_Test_Cases.AWC004_Item_Creation" time="22.344" errors="0" timestamp="2023-10-17T05:12:12 UTC" skipped="0">
  <testcase classname="basic_Test_Cases.AWC004_Item_Creation" name="item_Creation" time="22.344"/>
  <system-out/>
</testsuite> <!-- basic_Test_Cases.AWC004_Item_Creation -->
