<?xml version="1.0" encoding="UTF-8"?>
<!-- Generated by org.testng.reporters.JUnitReportReporter -->
<testsuite hostname="FBTCDEV3" failures="0" tests="12" name="functional_Test_Cases.AWC004Converting_WIP_status" time="343.952" errors="0" timestamp="2023-11-21T18:32:26 UTC" skipped="0">
  <testcase classname="functional_Test_Cases.AWC004Converting_WIP_status" name="convert_GeneralWIP" time="27.458"/>
  <system-out/>
  <testcase classname="functional_Test_Cases.AWC004Converting_WIP_status" name="convert_P1WIP" time="33.262"/>
  <system-out/>
  <testcase classname="functional_Test_Cases.AWC004Converting_WIP_status" name="convert_P2WIP" time="28.287"/>
  <system-out/>
  <testcase classname="functional_Test_Cases.AWC004Converting_WIP_status" name="convert_P3WIP" time="27.855"/>
  <system-out/>
  <testcase classname="functional_Test_Cases.AWC004Converting_WIP_status" name="convert_EVT1WIP" time="28.165"/>
  <system-out/>
  <testcase classname="functional_Test_Cases.AWC004Converting_WIP_status" name="convert_EVT2WIP" time="27.530"/>
  <system-out/>
  <testcase classname="functional_Test_Cases.AWC004Converting_WIP_status" name="convert_EVT3WIP" time="28.268"/>
  <system-out/>
  <testcase classname="functional_Test_Cases.AWC004Converting_WIP_status" name="convert_DVT1WIP" time="27.796"/>
  <system-out/>
  <testcase classname="functional_Test_Cases.AWC004Converting_WIP_status" name="convert_DVT2WIP" time="29.380"/>
  <system-out/>
  <testcase classname="functional_Test_Cases.AWC004Converting_WIP_status" name="convert_DVT3WIP" time="27.542"/>
  <system-out/>
  <testcase classname="functional_Test_Cases.AWC004Converting_WIP_status" name="convert_PVT1WIP" time="29.957"/>
  <system-out/>
  <testcase classname="functional_Test_Cases.AWC004Converting_WIP_status" name="convert_PVT2WIP" time="28.452"/>
  <system-out/>
</testsuite> <!-- functional_Test_Cases.AWC004Converting_WIP_status -->
