<?xml version="1.0" encoding="UTF-8"?>
<!-- Generated by org.testng.reporters.JUnitReportReporter -->
<testsuite hostname="FBTCDEV3" failures="0" tests="4" name="functional_Test_Cases.AWC002_Working_On_Multiple_WIP_Revisions" time="211.908" errors="4" timestamp="2023-11-16T04:57:57 UTC" skipped="0">
  <testcase classname="functional_Test_Cases.AWC002_Working_On_Multiple_WIP_Revisions" name="work_On_P0_WIP_Revisions" time="64.514">
    <error message="Error {
  message=&#039;Timeout 30000ms exceeded.
=========================== logs ===========================
waiting for locator(&quot;xpath=(//input[@class=&#039;aw-jswidgets-choice gwt-ListBox ng-pristine ng-untouched ng-valid ng-isolate-scope ng-not-empty ng-valid-required aw-search-dirty&#039;])[2]&quot;)
============================================================
  name=&#039;TimeoutError
  stack=&#039;TimeoutError: Timeout 30000ms exceeded.
=========================== logs ===========================
waiting for locator(&quot;xpath=(//input[@class=&#039;aw-jswidgets-choice gwt-ListBox ng-pristine ng-untouched ng-valid ng-isolate-scope ng-not-empty ng-valid-required aw-search-dirty&#039;])[2]&quot;)
============================================================
    at ProgressController.run (C:\Users\fbtcuser\AppData\Local\Temp\playwright-java-10734500983810834302\package\lib\server\progress.js:88:26)
    at Frame.fill (C:\Users\fbtcuser\AppData\Local\Temp\playwright-java-10734500983810834302\package\lib\server\frames.js:1047:23)
    at FrameDispatcher.fill (C:\Users\fbtcuser\AppData\Local\Temp\playwright-java-10734500983810834302\package\lib\server\dispatchers\frameDispatcher.js:163:30)
    at DispatcherConnection.dispatch (C:\Users\fbtcuser\AppData\Local\Temp\playwright-java-10734500983810834302\package\lib\server\dispatchers\dispatcher.js:312:46)
}" type="com.microsoft.playwright.TimeoutError">
      <![CDATA[com.microsoft.playwright.TimeoutError: Error {
  message='Timeout 30000ms exceeded.
=========================== logs ===========================
waiting for locator("xpath=(//input[@class='aw-jswidgets-choice gwt-ListBox ng-pristine ng-untouched ng-valid ng-isolate-scope ng-not-empty ng-valid-required aw-search-dirty'])[2]")
============================================================
  name='TimeoutError
  stack='TimeoutError: Timeout 30000ms exceeded.
=========================== logs ===========================
waiting for locator("xpath=(//input[@class='aw-jswidgets-choice gwt-ListBox ng-pristine ng-untouched ng-valid ng-isolate-scope ng-not-empty ng-valid-required aw-search-dirty'])[2]")
============================================================
    at ProgressController.run (C:\Users\fbtcuser\AppData\Local\Temp\playwright-java-10734500983810834302\package\lib\server\progress.js:88:26)
    at Frame.fill (C:\Users\fbtcuser\AppData\Local\Temp\playwright-java-10734500983810834302\package\lib\server\frames.js:1047:23)
    at FrameDispatcher.fill (C:\Users\fbtcuser\AppData\Local\Temp\playwright-java-10734500983810834302\package\lib\server\dispatchers\frameDispatcher.js:163:30)
    at DispatcherConnection.dispatch (C:\Users\fbtcuser\AppData\Local\Temp\playwright-java-10734500983810834302\package\lib\server\dispatchers\dispatcher.js:312:46)
}
at com.microsoft.playwright.impl.WaitableResult.get(WaitableResult.java:52)
at com.microsoft.playwright.impl.ChannelOwner.runUntil(ChannelOwner.java:111)
at com.microsoft.playwright.impl.Connection.sendMessage(Connection.java:126)
at com.microsoft.playwright.impl.ChannelOwner.sendMessage(ChannelOwner.java:102)
at com.microsoft.playwright.impl.FrameImpl.fillImpl(FrameImpl.java:335)
at com.microsoft.playwright.impl.PageImpl.lambda$fill$27(PageImpl.java:665)
at com.microsoft.playwright.impl.LoggingSupport.lambda$withLogging$0(LoggingSupport.java:36)
at com.microsoft.playwright.impl.LoggingSupport.withLogging(LoggingSupport.java:47)
at com.microsoft.playwright.impl.ChannelOwner.withLogging(ChannelOwner.java:87)
at com.microsoft.playwright.impl.LoggingSupport.withLogging(LoggingSupport.java:35)
at com.microsoft.playwright.impl.PageImpl.fill(PageImpl.java:664)
at com.microsoft.playwright.Page.fill(Page.java:4545)
at pages.SaveAsPage.create_Revision(SaveAsPage.java:43)
at functional_Test_Cases.AWC002_Working_On_Multiple_WIP_Revisions.work_On_P0_WIP_Revisions(AWC002_Working_On_Multiple_WIP_Revisions.java:57)
at java.base/jdk.internal.reflect.NativeMethodAccessorImpl.invoke0(Native Method)
at java.base/jdk.internal.reflect.NativeMethodAccessorImpl.invoke(NativeMethodAccessorImpl.java:77)
at java.base/jdk.internal.reflect.DelegatingMethodAccessorImpl.invoke(DelegatingMethodAccessorImpl.java:43)
at java.base/java.lang.reflect.Method.invoke(Method.java:568)
at org.testng.internal.MethodInvocationHelper.invokeMethod(MethodInvocationHelper.java:133)
at org.testng.internal.TestInvoker.invokeMethod(TestInvoker.java:598)
at org.testng.internal.TestInvoker.invokeTestMethod(TestInvoker.java:173)
at org.testng.internal.MethodRunner.runInSequence(MethodRunner.java:46)
at org.testng.internal.TestInvoker$MethodInvocationAgent.invoke(TestInvoker.java:824)
at org.testng.internal.TestInvoker.invokeTestMethods(TestInvoker.java:146)
at org.testng.internal.TestMethodWorker.invokeTestMethods(TestMethodWorker.java:146)
at org.testng.internal.TestMethodWorker.run(TestMethodWorker.java:128)
at java.base/java.util.ArrayList.forEach(ArrayList.java:1511)
at org.testng.TestRunner.privateRun(TestRunner.java:794)
at org.testng.TestRunner.run(TestRunner.java:596)
at org.testng.SuiteRunner.runTest(SuiteRunner.java:377)
at org.testng.SuiteRunner.runSequentially(SuiteRunner.java:371)
at org.testng.SuiteRunner.privateRun(SuiteRunner.java:332)
at org.testng.SuiteRunner.run(SuiteRunner.java:276)
at org.testng.SuiteRunnerWorker.runSuite(SuiteRunnerWorker.java:53)
at org.testng.SuiteRunnerWorker.run(SuiteRunnerWorker.java:96)
at org.testng.TestNG.runSuitesSequentially(TestNG.java:1212)
at org.testng.TestNG.runSuitesLocally(TestNG.java:1134)
at org.testng.TestNG.runSuites(TestNG.java:1063)
at org.testng.TestNG.run(TestNG.java:1031)
at org.testng.remote.AbstractRemoteTestNG.run(AbstractRemoteTestNG.java:115)
at org.testng.remote.RemoteTestNG.initAndRun(RemoteTestNG.java:251)
at org.testng.remote.RemoteTestNG.main(RemoteTestNG.java:77)
Caused by: com.microsoft.playwright.TimeoutError: Error {
  message='Timeout 30000ms exceeded.
=========================== logs ===========================
waiting for locator("xpath=(//input[@class='aw-jswidgets-choice gwt-ListBox ng-pristine ng-untouched ng-valid ng-isolate-scope ng-not-empty ng-valid-required aw-search-dirty'])[2]")
============================================================
  name='TimeoutError
  stack='TimeoutError: Timeout 30000ms exceeded.
=========================== logs ===========================
waiting for locator("xpath=(//input[@class='aw-jswidgets-choice gwt-ListBox ng-pristine ng-untouched ng-valid ng-isolate-scope ng-not-empty ng-valid-required aw-search-dirty'])[2]")
============================================================
    at ProgressController.run (C:\Users\fbtcuser\AppData\Local\Temp\playwright-java-10734500983810834302\package\lib\server\progress.js:88:26)
    at Frame.fill (C:\Users\fbtcuser\AppData\Local\Temp\playwright-java-10734500983810834302\package\lib\server\frames.js:1047:23)
    at FrameDispatcher.fill (C:\Users\fbtcuser\AppData\Local\Temp\playwright-java-10734500983810834302\package\lib\server\dispatchers\frameDispatcher.js:163:30)
    at DispatcherConnection.dispatch (C:\Users\fbtcuser\AppData\Local\Temp\playwright-java-10734500983810834302\package\lib\server\dispatchers\dispatcher.js:312:46)
}
at com.microsoft.playwright.impl.Connection.dispatch(Connection.java:224)
at com.microsoft.playwright.impl.Connection.processOneMessage(Connection.java:206)
at com.microsoft.playwright.impl.ChannelOwner.runUntil(ChannelOwner.java:109)
... 40 more
]]>
    </error>
  </testcase> <!-- work_On_P0_WIP_Revisions -->
  <system-out/>
  <testcase classname="functional_Test_Cases.AWC002_Working_On_Multiple_WIP_Revisions" name="work_On_EVT1_WIP_Revisions" time="59.216">
    <error message="Error {
  message=&#039;Timeout 30000ms exceeded.
=========================== logs ===========================
waiting for locator(&quot;xpath=(//input[@class=&#039;aw-jswidgets-choice gwt-ListBox ng-pristine ng-untouched ng-valid ng-isolate-scope ng-not-empty ng-valid-required aw-search-dirty&#039;])[2]&quot;)
============================================================
  name=&#039;TimeoutError
  stack=&#039;TimeoutError: Timeout 30000ms exceeded.
=========================== logs ===========================
waiting for locator(&quot;xpath=(//input[@class=&#039;aw-jswidgets-choice gwt-ListBox ng-pristine ng-untouched ng-valid ng-isolate-scope ng-not-empty ng-valid-required aw-search-dirty&#039;])[2]&quot;)
============================================================
    at ProgressController.run (C:\Users\fbtcuser\AppData\Local\Temp\playwright-java-10734500983810834302\package\lib\server\progress.js:88:26)
    at Frame.fill (C:\Users\fbtcuser\AppData\Local\Temp\playwright-java-10734500983810834302\package\lib\server\frames.js:1047:23)
    at FrameDispatcher.fill (C:\Users\fbtcuser\AppData\Local\Temp\playwright-java-10734500983810834302\package\lib\server\dispatchers\frameDispatcher.js:163:30)
    at DispatcherConnection.dispatch (C:\Users\fbtcuser\AppData\Local\Temp\playwright-java-10734500983810834302\package\lib\server\dispatchers\dispatcher.js:312:46)
}" type="com.microsoft.playwright.TimeoutError">
      <![CDATA[com.microsoft.playwright.TimeoutError: Error {
  message='Timeout 30000ms exceeded.
=========================== logs ===========================
waiting for locator("xpath=(//input[@class='aw-jswidgets-choice gwt-ListBox ng-pristine ng-untouched ng-valid ng-isolate-scope ng-not-empty ng-valid-required aw-search-dirty'])[2]")
============================================================
  name='TimeoutError
  stack='TimeoutError: Timeout 30000ms exceeded.
=========================== logs ===========================
waiting for locator("xpath=(//input[@class='aw-jswidgets-choice gwt-ListBox ng-pristine ng-untouched ng-valid ng-isolate-scope ng-not-empty ng-valid-required aw-search-dirty'])[2]")
============================================================
    at ProgressController.run (C:\Users\fbtcuser\AppData\Local\Temp\playwright-java-10734500983810834302\package\lib\server\progress.js:88:26)
    at Frame.fill (C:\Users\fbtcuser\AppData\Local\Temp\playwright-java-10734500983810834302\package\lib\server\frames.js:1047:23)
    at FrameDispatcher.fill (C:\Users\fbtcuser\AppData\Local\Temp\playwright-java-10734500983810834302\package\lib\server\dispatchers\frameDispatcher.js:163:30)
    at DispatcherConnection.dispatch (C:\Users\fbtcuser\AppData\Local\Temp\playwright-java-10734500983810834302\package\lib\server\dispatchers\dispatcher.js:312:46)
}
at com.microsoft.playwright.impl.WaitableResult.get(WaitableResult.java:52)
at com.microsoft.playwright.impl.ChannelOwner.runUntil(ChannelOwner.java:111)
at com.microsoft.playwright.impl.Connection.sendMessage(Connection.java:126)
at com.microsoft.playwright.impl.ChannelOwner.sendMessage(ChannelOwner.java:102)
at com.microsoft.playwright.impl.FrameImpl.fillImpl(FrameImpl.java:335)
at com.microsoft.playwright.impl.PageImpl.lambda$fill$27(PageImpl.java:665)
at com.microsoft.playwright.impl.LoggingSupport.lambda$withLogging$0(LoggingSupport.java:36)
at com.microsoft.playwright.impl.LoggingSupport.withLogging(LoggingSupport.java:47)
at com.microsoft.playwright.impl.ChannelOwner.withLogging(ChannelOwner.java:87)
at com.microsoft.playwright.impl.LoggingSupport.withLogging(LoggingSupport.java:35)
at com.microsoft.playwright.impl.PageImpl.fill(PageImpl.java:664)
at com.microsoft.playwright.Page.fill(Page.java:4545)
at pages.SaveAsPage.create_Revision(SaveAsPage.java:43)
at functional_Test_Cases.AWC002_Working_On_Multiple_WIP_Revisions.work_On_EVT1_WIP_Revisions(AWC002_Working_On_Multiple_WIP_Revisions.java:98)
at java.base/jdk.internal.reflect.NativeMethodAccessorImpl.invoke0(Native Method)
at java.base/jdk.internal.reflect.NativeMethodAccessorImpl.invoke(NativeMethodAccessorImpl.java:77)
at java.base/jdk.internal.reflect.DelegatingMethodAccessorImpl.invoke(DelegatingMethodAccessorImpl.java:43)
at java.base/java.lang.reflect.Method.invoke(Method.java:568)
at org.testng.internal.MethodInvocationHelper.invokeMethod(MethodInvocationHelper.java:133)
at org.testng.internal.TestInvoker.invokeMethod(TestInvoker.java:598)
at org.testng.internal.TestInvoker.invokeTestMethod(TestInvoker.java:173)
at org.testng.internal.MethodRunner.runInSequence(MethodRunner.java:46)
at org.testng.internal.TestInvoker$MethodInvocationAgent.invoke(TestInvoker.java:824)
at org.testng.internal.TestInvoker.invokeTestMethods(TestInvoker.java:146)
at org.testng.internal.TestMethodWorker.invokeTestMethods(TestMethodWorker.java:146)
at org.testng.internal.TestMethodWorker.run(TestMethodWorker.java:128)
at java.base/java.util.ArrayList.forEach(ArrayList.java:1511)
at org.testng.TestRunner.privateRun(TestRunner.java:794)
at org.testng.TestRunner.run(TestRunner.java:596)
at org.testng.SuiteRunner.runTest(SuiteRunner.java:377)
at org.testng.SuiteRunner.runSequentially(SuiteRunner.java:371)
at org.testng.SuiteRunner.privateRun(SuiteRunner.java:332)
at org.testng.SuiteRunner.run(SuiteRunner.java:276)
at org.testng.SuiteRunnerWorker.runSuite(SuiteRunnerWorker.java:53)
at org.testng.SuiteRunnerWorker.run(SuiteRunnerWorker.java:96)
at org.testng.TestNG.runSuitesSequentially(TestNG.java:1212)
at org.testng.TestNG.runSuitesLocally(TestNG.java:1134)
at org.testng.TestNG.runSuites(TestNG.java:1063)
at org.testng.TestNG.run(TestNG.java:1031)
at org.testng.remote.AbstractRemoteTestNG.run(AbstractRemoteTestNG.java:115)
at org.testng.remote.RemoteTestNG.initAndRun(RemoteTestNG.java:251)
at org.testng.remote.RemoteTestNG.main(RemoteTestNG.java:77)
Caused by: com.microsoft.playwright.TimeoutError: Error {
  message='Timeout 30000ms exceeded.
=========================== logs ===========================
waiting for locator("xpath=(//input[@class='aw-jswidgets-choice gwt-ListBox ng-pristine ng-untouched ng-valid ng-isolate-scope ng-not-empty ng-valid-required aw-search-dirty'])[2]")
============================================================
  name='TimeoutError
  stack='TimeoutError: Timeout 30000ms exceeded.
=========================== logs ===========================
waiting for locator("xpath=(//input[@class='aw-jswidgets-choice gwt-ListBox ng-pristine ng-untouched ng-valid ng-isolate-scope ng-not-empty ng-valid-required aw-search-dirty'])[2]")
============================================================
    at ProgressController.run (C:\Users\fbtcuser\AppData\Local\Temp\playwright-java-10734500983810834302\package\lib\server\progress.js:88:26)
    at Frame.fill (C:\Users\fbtcuser\AppData\Local\Temp\playwright-java-10734500983810834302\package\lib\server\frames.js:1047:23)
    at FrameDispatcher.fill (C:\Users\fbtcuser\AppData\Local\Temp\playwright-java-10734500983810834302\package\lib\server\dispatchers\frameDispatcher.js:163:30)
    at DispatcherConnection.dispatch (C:\Users\fbtcuser\AppData\Local\Temp\playwright-java-10734500983810834302\package\lib\server\dispatchers\dispatcher.js:312:46)
}
at com.microsoft.playwright.impl.Connection.dispatch(Connection.java:224)
at com.microsoft.playwright.impl.Connection.processOneMessage(Connection.java:206)
at com.microsoft.playwright.impl.ChannelOwner.runUntil(ChannelOwner.java:109)
... 40 more
]]>
    </error>
  </testcase> <!-- work_On_EVT1_WIP_Revisions -->
  <system-out/>
  <testcase classname="functional_Test_Cases.AWC002_Working_On_Multiple_WIP_Revisions" name="work_On_DVT1_WIP_Revisions" time="59.098">
    <error message="Error {
  message=&#039;Timeout 30000ms exceeded.
=========================== logs ===========================
waiting for locator(&quot;xpath=(//input[@class=&#039;aw-jswidgets-choice gwt-ListBox ng-pristine ng-untouched ng-valid ng-isolate-scope ng-not-empty ng-valid-required aw-search-dirty&#039;])[2]&quot;)
============================================================
  name=&#039;TimeoutError
  stack=&#039;TimeoutError: Timeout 30000ms exceeded.
=========================== logs ===========================
waiting for locator(&quot;xpath=(//input[@class=&#039;aw-jswidgets-choice gwt-ListBox ng-pristine ng-untouched ng-valid ng-isolate-scope ng-not-empty ng-valid-required aw-search-dirty&#039;])[2]&quot;)
============================================================
    at ProgressController.run (C:\Users\fbtcuser\AppData\Local\Temp\playwright-java-10734500983810834302\package\lib\server\progress.js:88:26)
    at Frame.fill (C:\Users\fbtcuser\AppData\Local\Temp\playwright-java-10734500983810834302\package\lib\server\frames.js:1047:23)
    at FrameDispatcher.fill (C:\Users\fbtcuser\AppData\Local\Temp\playwright-java-10734500983810834302\package\lib\server\dispatchers\frameDispatcher.js:163:30)
    at DispatcherConnection.dispatch (C:\Users\fbtcuser\AppData\Local\Temp\playwright-java-10734500983810834302\package\lib\server\dispatchers\dispatcher.js:312:46)
}" type="com.microsoft.playwright.TimeoutError">
      <![CDATA[com.microsoft.playwright.TimeoutError: Error {
  message='Timeout 30000ms exceeded.
=========================== logs ===========================
waiting for locator("xpath=(//input[@class='aw-jswidgets-choice gwt-ListBox ng-pristine ng-untouched ng-valid ng-isolate-scope ng-not-empty ng-valid-required aw-search-dirty'])[2]")
============================================================
  name='TimeoutError
  stack='TimeoutError: Timeout 30000ms exceeded.
=========================== logs ===========================
waiting for locator("xpath=(//input[@class='aw-jswidgets-choice gwt-ListBox ng-pristine ng-untouched ng-valid ng-isolate-scope ng-not-empty ng-valid-required aw-search-dirty'])[2]")
============================================================
    at ProgressController.run (C:\Users\fbtcuser\AppData\Local\Temp\playwright-java-10734500983810834302\package\lib\server\progress.js:88:26)
    at Frame.fill (C:\Users\fbtcuser\AppData\Local\Temp\playwright-java-10734500983810834302\package\lib\server\frames.js:1047:23)
    at FrameDispatcher.fill (C:\Users\fbtcuser\AppData\Local\Temp\playwright-java-10734500983810834302\package\lib\server\dispatchers\frameDispatcher.js:163:30)
    at DispatcherConnection.dispatch (C:\Users\fbtcuser\AppData\Local\Temp\playwright-java-10734500983810834302\package\lib\server\dispatchers\dispatcher.js:312:46)
}
at com.microsoft.playwright.impl.WaitableResult.get(WaitableResult.java:52)
at com.microsoft.playwright.impl.ChannelOwner.runUntil(ChannelOwner.java:111)
at com.microsoft.playwright.impl.Connection.sendMessage(Connection.java:126)
at com.microsoft.playwright.impl.ChannelOwner.sendMessage(ChannelOwner.java:102)
at com.microsoft.playwright.impl.FrameImpl.fillImpl(FrameImpl.java:335)
at com.microsoft.playwright.impl.PageImpl.lambda$fill$27(PageImpl.java:665)
at com.microsoft.playwright.impl.LoggingSupport.lambda$withLogging$0(LoggingSupport.java:36)
at com.microsoft.playwright.impl.LoggingSupport.withLogging(LoggingSupport.java:47)
at com.microsoft.playwright.impl.ChannelOwner.withLogging(ChannelOwner.java:87)
at com.microsoft.playwright.impl.LoggingSupport.withLogging(LoggingSupport.java:35)
at com.microsoft.playwright.impl.PageImpl.fill(PageImpl.java:664)
at com.microsoft.playwright.Page.fill(Page.java:4545)
at pages.SaveAsPage.create_Revision(SaveAsPage.java:43)
at functional_Test_Cases.AWC002_Working_On_Multiple_WIP_Revisions.work_On_DVT1_WIP_Revisions(AWC002_Working_On_Multiple_WIP_Revisions.java:141)
at java.base/jdk.internal.reflect.NativeMethodAccessorImpl.invoke0(Native Method)
at java.base/jdk.internal.reflect.NativeMethodAccessorImpl.invoke(NativeMethodAccessorImpl.java:77)
at java.base/jdk.internal.reflect.DelegatingMethodAccessorImpl.invoke(DelegatingMethodAccessorImpl.java:43)
at java.base/java.lang.reflect.Method.invoke(Method.java:568)
at org.testng.internal.MethodInvocationHelper.invokeMethod(MethodInvocationHelper.java:133)
at org.testng.internal.TestInvoker.invokeMethod(TestInvoker.java:598)
at org.testng.internal.TestInvoker.invokeTestMethod(TestInvoker.java:173)
at org.testng.internal.MethodRunner.runInSequence(MethodRunner.java:46)
at org.testng.internal.TestInvoker$MethodInvocationAgent.invoke(TestInvoker.java:824)
at org.testng.internal.TestInvoker.invokeTestMethods(TestInvoker.java:146)
at org.testng.internal.TestMethodWorker.invokeTestMethods(TestMethodWorker.java:146)
at org.testng.internal.TestMethodWorker.run(TestMethodWorker.java:128)
at java.base/java.util.ArrayList.forEach(ArrayList.java:1511)
at org.testng.TestRunner.privateRun(TestRunner.java:794)
at org.testng.TestRunner.run(TestRunner.java:596)
at org.testng.SuiteRunner.runTest(SuiteRunner.java:377)
at org.testng.SuiteRunner.runSequentially(SuiteRunner.java:371)
at org.testng.SuiteRunner.privateRun(SuiteRunner.java:332)
at org.testng.SuiteRunner.run(SuiteRunner.java:276)
at org.testng.SuiteRunnerWorker.runSuite(SuiteRunnerWorker.java:53)
at org.testng.SuiteRunnerWorker.run(SuiteRunnerWorker.java:96)
at org.testng.TestNG.runSuitesSequentially(TestNG.java:1212)
at org.testng.TestNG.runSuitesLocally(TestNG.java:1134)
at org.testng.TestNG.runSuites(TestNG.java:1063)
at org.testng.TestNG.run(TestNG.java:1031)
at org.testng.remote.AbstractRemoteTestNG.run(AbstractRemoteTestNG.java:115)
at org.testng.remote.RemoteTestNG.initAndRun(RemoteTestNG.java:251)
at org.testng.remote.RemoteTestNG.main(RemoteTestNG.java:77)
Caused by: com.microsoft.playwright.TimeoutError: Error {
  message='Timeout 30000ms exceeded.
=========================== logs ===========================
waiting for locator("xpath=(//input[@class='aw-jswidgets-choice gwt-ListBox ng-pristine ng-untouched ng-valid ng-isolate-scope ng-not-empty ng-valid-required aw-search-dirty'])[2]")
============================================================
  name='TimeoutError
  stack='TimeoutError: Timeout 30000ms exceeded.
=========================== logs ===========================
waiting for locator("xpath=(//input[@class='aw-jswidgets-choice gwt-ListBox ng-pristine ng-untouched ng-valid ng-isolate-scope ng-not-empty ng-valid-required aw-search-dirty'])[2]")
============================================================
    at ProgressController.run (C:\Users\fbtcuser\AppData\Local\Temp\playwright-java-10734500983810834302\package\lib\server\progress.js:88:26)
    at Frame.fill (C:\Users\fbtcuser\AppData\Local\Temp\playwright-java-10734500983810834302\package\lib\server\frames.js:1047:23)
    at FrameDispatcher.fill (C:\Users\fbtcuser\AppData\Local\Temp\playwright-java-10734500983810834302\package\lib\server\dispatchers\frameDispatcher.js:163:30)
    at DispatcherConnection.dispatch (C:\Users\fbtcuser\AppData\Local\Temp\playwright-java-10734500983810834302\package\lib\server\dispatchers\dispatcher.js:312:46)
}
at com.microsoft.playwright.impl.Connection.dispatch(Connection.java:224)
at com.microsoft.playwright.impl.Connection.processOneMessage(Connection.java:206)
at com.microsoft.playwright.impl.ChannelOwner.runUntil(ChannelOwner.java:109)
... 40 more
]]>
    </error>
  </testcase> <!-- work_On_DVT1_WIP_Revisions -->
  <system-out/>
  <testcase classname="functional_Test_Cases.AWC002_Working_On_Multiple_WIP_Revisions" name="work_On_PVT1_WIP_Revisions" time="29.080">
    <error message="Cannot invoke &quot;String.equalsIgnoreCase(String)&quot; because &quot;releaseStatus&quot; is null" type="java.lang.NullPointerException">
      <![CDATA[java.lang.NullPointerException: Cannot invoke "String.equalsIgnoreCase(String)" because "releaseStatus" is null
at pages.SaveAsPage.create_Revision(SaveAsPage.java:37)
at functional_Test_Cases.AWC002_Working_On_Multiple_WIP_Revisions.work_On_PVT1_WIP_Revisions(AWC002_Working_On_Multiple_WIP_Revisions.java:183)
at java.base/jdk.internal.reflect.NativeMethodAccessorImpl.invoke0(Native Method)
at java.base/jdk.internal.reflect.NativeMethodAccessorImpl.invoke(NativeMethodAccessorImpl.java:77)
at java.base/jdk.internal.reflect.DelegatingMethodAccessorImpl.invoke(DelegatingMethodAccessorImpl.java:43)
at java.base/java.lang.reflect.Method.invoke(Method.java:568)
at org.testng.internal.MethodInvocationHelper.invokeMethod(MethodInvocationHelper.java:133)
at org.testng.internal.TestInvoker.invokeMethod(TestInvoker.java:598)
at org.testng.internal.TestInvoker.invokeTestMethod(TestInvoker.java:173)
at org.testng.internal.MethodRunner.runInSequence(MethodRunner.java:46)
at org.testng.internal.TestInvoker$MethodInvocationAgent.invoke(TestInvoker.java:824)
at org.testng.internal.TestInvoker.invokeTestMethods(TestInvoker.java:146)
at org.testng.internal.TestMethodWorker.invokeTestMethods(TestMethodWorker.java:146)
at org.testng.internal.TestMethodWorker.run(TestMethodWorker.java:128)
at java.base/java.util.ArrayList.forEach(ArrayList.java:1511)
at org.testng.TestRunner.privateRun(TestRunner.java:794)
at org.testng.TestRunner.run(TestRunner.java:596)
at org.testng.SuiteRunner.runTest(SuiteRunner.java:377)
at org.testng.SuiteRunner.runSequentially(SuiteRunner.java:371)
at org.testng.SuiteRunner.privateRun(SuiteRunner.java:332)
at org.testng.SuiteRunner.run(SuiteRunner.java:276)
at org.testng.SuiteRunnerWorker.runSuite(SuiteRunnerWorker.java:53)
at org.testng.SuiteRunnerWorker.run(SuiteRunnerWorker.java:96)
at org.testng.TestNG.runSuitesSequentially(TestNG.java:1212)
at org.testng.TestNG.runSuitesLocally(TestNG.java:1134)
at org.testng.TestNG.runSuites(TestNG.java:1063)
at org.testng.TestNG.run(TestNG.java:1031)
at org.testng.remote.AbstractRemoteTestNG.run(AbstractRemoteTestNG.java:115)
at org.testng.remote.RemoteTestNG.initAndRun(RemoteTestNG.java:251)
at org.testng.remote.RemoteTestNG.main(RemoteTestNG.java:77)
]]>
    </error>
  </testcase> <!-- work_On_PVT1_WIP_Revisions -->
  <system-out/>
</testsuite> <!-- functional_Test_Cases.AWC002_Working_On_Multiple_WIP_Revisions -->
