<?xml version="1.0" encoding="UTF-8"?>
<!-- Generated by org.testng.reporters.JUnitReportReporter -->
<testsuite hostname="FBTCDEV3" failures="0" tests="13" name="negative_Test_Cases.AWC001_Restrict_To_One_WIP" time="527.640" errors="0" timestamp="2023-11-16T06:04:19 UTC" skipped="0">
  <testcase classname="negative_Test_Cases.AWC001_Restrict_To_One_WIP" name="restrict_To_General_WIP" time="39.324"/>
  <system-out/>
  <testcase classname="negative_Test_Cases.AWC001_Restrict_To_One_WIP" name="restrict_To_P0_WIP" time="40.503"/>
  <system-out/>
  <testcase classname="negative_Test_Cases.AWC001_Restrict_To_One_WIP" name="restrict_To_P1_WIP" time="40.519"/>
  <system-out/>
  <testcase classname="negative_Test_Cases.AWC001_Restrict_To_One_WIP" name="restrict_To_P2_WIP" time="40.140"/>
  <system-out/>
  <testcase classname="negative_Test_Cases.AWC001_Restrict_To_One_WIP" name="restrict_To_P3_WIP" time="39.645"/>
  <system-out/>
  <testcase classname="negative_Test_Cases.AWC001_Restrict_To_One_WIP" name="restrict_To_EVT1_WIP" time="39.550"/>
  <system-out/>
  <testcase classname="negative_Test_Cases.AWC001_Restrict_To_One_WIP" name="restrict_To_EVT2_WIP" time="40.529"/>
  <system-out/>
  <testcase classname="negative_Test_Cases.AWC001_Restrict_To_One_WIP" name="restrict_To_EVT3_WIP" time="40.531"/>
  <system-out/>
  <testcase classname="negative_Test_Cases.AWC001_Restrict_To_One_WIP" name="restrict_To_DVT1_WIP" time="39.744"/>
  <system-out/>
  <testcase classname="negative_Test_Cases.AWC001_Restrict_To_One_WIP" name="restrict_To_DVT2_WIP" time="40.486"/>
  <system-out/>
  <testcase classname="negative_Test_Cases.AWC001_Restrict_To_One_WIP" name="restrict_To_DVT3_WIP" time="40.521"/>
  <system-out/>
  <testcase classname="negative_Test_Cases.AWC001_Restrict_To_One_WIP" name="restrict_To_PVT1_WIP" time="40.200"/>
  <system-out/>
  <testcase classname="negative_Test_Cases.AWC001_Restrict_To_One_WIP" name="restrict_To_PVT2_WIP" time="45.948"/>
  <system-out/>
</testsuite> <!-- negative_Test_Cases.AWC001_Restrict_To_One_WIP -->
