<?xml version="1.0" encoding="UTF-8"?>
<!-- Generated by org.testng.reporters.JUnitReportReporter -->
<testsuite hostname="FBTCDEV3" failures="0" tests="1" name="functional_Test_Cases.AWC006Freeze_Release_Status" time="82.963" errors="0" timestamp="2023-11-23T06:49:13 UTC" skipped="0">
  <testcase classname="functional_Test_Cases.AWC006Freeze_Release_Status" name="eVT2_WIP_To_EQR" time="82.963"/>
  <system-out/>
</testsuite> <!-- functional_Test_Cases.AWC006Freeze_Release_Status -->
