<?xml version="1.0" encoding="UTF-8"?>
<!-- Generated by org.testng.reporters.JUnitReportReporter -->
<testsuite hostname="FBTCDEV3" failures="0" tests="4" name="negative_Test_Cases.AWC002_Convert_WIP_To_WIP" time="282.794" errors="0" timestamp="2023-11-16T06:13:14 UTC" skipped="0">
  <testcase classname="negative_Test_Cases.AWC002_Convert_WIP_To_WIP" name="convertWIP_P0WIP" time="74.011"/>
  <system-out/>
  <testcase classname="negative_Test_Cases.AWC002_Convert_WIP_To_WIP" name="convertWIP_EVT1_WIP" time="67.338"/>
  <system-out/>
  <testcase classname="negative_Test_Cases.AWC002_Convert_WIP_To_WIP" name="convertWIP_DVT1_WIP" time="77.496"/>
  <system-out/>
  <testcase classname="negative_Test_Cases.AWC002_Convert_WIP_To_WIP" name="convertWIP_PVT1_WIP" time="63.949"/>
  <system-out/>
</testsuite> <!-- negative_Test_Cases.AWC002_Convert_WIP_To_WIP -->
