<?xml version="1.0" encoding="UTF-8"?>
<!-- Generated by org.testng.reporters.JUnitReportReporter -->
<testsuite hostname="FBTCDEV3" failures="0" tests="13" name="negative_Test_Cases.AWC001Restrict_To_One_WIP" time="325.504" errors="1" timestamp="2023-11-24T04:58:33 UTC" skipped="0">
  <testcase classname="negative_Test_Cases.AWC001Restrict_To_One_WIP" name="restrict_To_General_WIP" time="69.355">
    <error message="Error {
  message=&#039;Timeout 30000ms exceeded.
=========================== logs ===========================
waiting for locator(&quot;xpath=(//span[@class=&#039;aw-jswidgets-text ng-isolate-scope&#039;])[14]&quot;) to be visible
============================================================
  name=&#039;TimeoutError
  stack=&#039;TimeoutError: Timeout 30000ms exceeded.
=========================== logs ===========================
waiting for locator(&quot;xpath=(//span[@class=&#039;aw-jswidgets-text ng-isolate-scope&#039;])[14]&quot;) to be visible
============================================================
    at ProgressController.run (C:\Users\fbtcuser\AppData\Local\Temp\playwright-java-10486866474973629731\package\lib\server\progress.js:88:26)
    at Frame.waitForSelector (C:\Users\fbtcuser\AppData\Local\Temp\playwright-java-10486866474973629731\package\lib\server\frames.js:627:23)
    at FrameDispatcher.waitForSelector (C:\Users\fbtcuser\AppData\Local\Temp\playwright-java-10486866474973629731\package\lib\server\dispatchers\frameDispatcher.js:100:117)
    at DispatcherConnection.dispatch (C:\Users\fbtcuser\AppData\Local\Temp\playwright-java-10486866474973629731\package\lib\server\dispatchers\dispatcher.js:312:46)
}" type="com.microsoft.playwright.TimeoutError">
      <![CDATA[com.microsoft.playwright.TimeoutError: Error {
  message='Timeout 30000ms exceeded.
=========================== logs ===========================
waiting for locator("xpath=(//span[@class='aw-jswidgets-text ng-isolate-scope'])[14]") to be visible
============================================================
  name='TimeoutError
  stack='TimeoutError: Timeout 30000ms exceeded.
=========================== logs ===========================
waiting for locator("xpath=(//span[@class='aw-jswidgets-text ng-isolate-scope'])[14]") to be visible
============================================================
    at ProgressController.run (C:\Users\fbtcuser\AppData\Local\Temp\playwright-java-10486866474973629731\package\lib\server\progress.js:88:26)
    at Frame.waitForSelector (C:\Users\fbtcuser\AppData\Local\Temp\playwright-java-10486866474973629731\package\lib\server\frames.js:627:23)
    at FrameDispatcher.waitForSelector (C:\Users\fbtcuser\AppData\Local\Temp\playwright-java-10486866474973629731\package\lib\server\dispatchers\frameDispatcher.js:100:117)
    at DispatcherConnection.dispatch (C:\Users\fbtcuser\AppData\Local\Temp\playwright-java-10486866474973629731\package\lib\server\dispatchers\dispatcher.js:312:46)
}
at com.microsoft.playwright.impl.WaitableResult.get(WaitableResult.java:52)
at com.microsoft.playwright.impl.ChannelOwner.runUntil(ChannelOwner.java:111)
at com.microsoft.playwright.impl.Connection.sendMessage(Connection.java:126)
at com.microsoft.playwright.impl.ChannelOwner.sendMessage(ChannelOwner.java:102)
at com.microsoft.playwright.impl.FrameImpl.waitForSelectorImpl(FrameImpl.java:1064)
at com.microsoft.playwright.impl.FrameImpl.waitForSelectorImpl(FrameImpl.java:1054)
at com.microsoft.playwright.impl.PageImpl.lambda$waitForSelector$91(PageImpl.java:1449)
at com.microsoft.playwright.impl.LoggingSupport.withLogging(LoggingSupport.java:47)
at com.microsoft.playwright.impl.ChannelOwner.withLogging(ChannelOwner.java:87)
at com.microsoft.playwright.impl.PageImpl.waitForSelector(PageImpl.java:1448)
at com.microsoft.playwright.Page.waitForSelector(Page.java:7795)
at pages.OverviewPage.get_release_Status(OverviewPage.java:46)
at negative_Test_Cases.AWC001Restrict_To_One_WIP.restrict_To_General_WIP(AWC001Restrict_To_One_WIP.java:30)
at java.base/jdk.internal.reflect.NativeMethodAccessorImpl.invoke0(Native Method)
at java.base/jdk.internal.reflect.NativeMethodAccessorImpl.invoke(NativeMethodAccessorImpl.java:77)
at java.base/jdk.internal.reflect.DelegatingMethodAccessorImpl.invoke(DelegatingMethodAccessorImpl.java:43)
at java.base/java.lang.reflect.Method.invoke(Method.java:568)
at org.testng.internal.MethodInvocationHelper.invokeMethod(MethodInvocationHelper.java:133)
at org.testng.internal.TestInvoker.invokeMethod(TestInvoker.java:598)
at org.testng.internal.TestInvoker.invokeTestMethod(TestInvoker.java:173)
at org.testng.internal.MethodRunner.runInSequence(MethodRunner.java:46)
at org.testng.internal.TestInvoker$MethodInvocationAgent.invoke(TestInvoker.java:824)
at org.testng.internal.TestInvoker.invokeTestMethods(TestInvoker.java:146)
at org.testng.internal.TestMethodWorker.invokeTestMethods(TestMethodWorker.java:146)
at org.testng.internal.TestMethodWorker.run(TestMethodWorker.java:128)
at java.base/java.util.ArrayList.forEach(ArrayList.java:1511)
at org.testng.TestRunner.privateRun(TestRunner.java:794)
at org.testng.TestRunner.run(TestRunner.java:596)
at org.testng.SuiteRunner.runTest(SuiteRunner.java:377)
at org.testng.SuiteRunner.runSequentially(SuiteRunner.java:371)
at org.testng.SuiteRunner.privateRun(SuiteRunner.java:332)
at org.testng.SuiteRunner.run(SuiteRunner.java:276)
at org.testng.SuiteRunnerWorker.runSuite(SuiteRunnerWorker.java:53)
at org.testng.SuiteRunnerWorker.run(SuiteRunnerWorker.java:96)
at org.testng.TestNG.runSuitesSequentially(TestNG.java:1212)
at org.testng.TestNG.runSuitesLocally(TestNG.java:1134)
at org.testng.TestNG.runSuites(TestNG.java:1063)
at org.testng.TestNG.run(TestNG.java:1031)
at org.testng.remote.AbstractRemoteTestNG.run(AbstractRemoteTestNG.java:115)
at org.testng.remote.RemoteTestNG.initAndRun(RemoteTestNG.java:251)
at org.testng.remote.RemoteTestNG.main(RemoteTestNG.java:77)
Caused by: com.microsoft.playwright.TimeoutError: Error {
  message='Timeout 30000ms exceeded.
=========================== logs ===========================
waiting for locator("xpath=(//span[@class='aw-jswidgets-text ng-isolate-scope'])[14]") to be visible
============================================================
  name='TimeoutError
  stack='TimeoutError: Timeout 30000ms exceeded.
=========================== logs ===========================
waiting for locator("xpath=(//span[@class='aw-jswidgets-text ng-isolate-scope'])[14]") to be visible
============================================================
    at ProgressController.run (C:\Users\fbtcuser\AppData\Local\Temp\playwright-java-10486866474973629731\package\lib\server\progress.js:88:26)
    at Frame.waitForSelector (C:\Users\fbtcuser\AppData\Local\Temp\playwright-java-10486866474973629731\package\lib\server\frames.js:627:23)
    at FrameDispatcher.waitForSelector (C:\Users\fbtcuser\AppData\Local\Temp\playwright-java-10486866474973629731\package\lib\server\dispatchers\frameDispatcher.js:100:117)
    at DispatcherConnection.dispatch (C:\Users\fbtcuser\AppData\Local\Temp\playwright-java-10486866474973629731\package\lib\server\dispatchers\dispatcher.js:312:46)
}
at com.microsoft.playwright.impl.Connection.dispatch(Connection.java:224)
at com.microsoft.playwright.impl.Connection.processOneMessage(Connection.java:206)
at com.microsoft.playwright.impl.ChannelOwner.runUntil(ChannelOwner.java:109)
... 39 more
]]>
    </error>
  </testcase> <!-- restrict_To_General_WIP -->
  <system-out/>
  <testcase classname="negative_Test_Cases.AWC001Restrict_To_One_WIP" name="restrict_To_P0_WIP" time="20.660"/>
  <system-out/>
  <testcase classname="negative_Test_Cases.AWC001Restrict_To_One_WIP" name="restrict_To_P1_WIP" time="21.070"/>
  <system-out/>
  <testcase classname="negative_Test_Cases.AWC001Restrict_To_One_WIP" name="restrict_To_P2_WIP" time="20.847"/>
  <system-out/>
  <testcase classname="negative_Test_Cases.AWC001Restrict_To_One_WIP" name="restrict_To_P3_WIP" time="20.755"/>
  <system-out/>
  <testcase classname="negative_Test_Cases.AWC001Restrict_To_One_WIP" name="restrict_To_EVT1_WIP" time="20.954"/>
  <system-out/>
  <testcase classname="negative_Test_Cases.AWC001Restrict_To_One_WIP" name="restrict_To_EVT2_WIP" time="20.518"/>
  <system-out/>
  <testcase classname="negative_Test_Cases.AWC001Restrict_To_One_WIP" name="restrict_To_EVT3_WIP" time="21.234"/>
  <system-out/>
  <testcase classname="negative_Test_Cases.AWC001Restrict_To_One_WIP" name="restrict_To_DVT1_WIP" time="20.897"/>
  <system-out/>
  <testcase classname="negative_Test_Cases.AWC001Restrict_To_One_WIP" name="restrict_To_DVT2_WIP" time="20.304"/>
  <system-out/>
  <testcase classname="negative_Test_Cases.AWC001Restrict_To_One_WIP" name="restrict_To_DVT3_WIP" time="21.086"/>
  <system-out/>
  <testcase classname="negative_Test_Cases.AWC001Restrict_To_One_WIP" name="restrict_To_PVT1_WIP" time="26.404"/>
  <system-out/>
  <testcase classname="negative_Test_Cases.AWC001Restrict_To_One_WIP" name="restrict_To_PVT2_WIP" time="21.420"/>
  <system-out/>
</testsuite> <!-- negative_Test_Cases.AWC001Restrict_To_One_WIP -->
