<?xml version="1.0" encoding="UTF-8"?>
<!-- Generated by org.testng.reporters.JUnitReportReporter -->
<testsuite hostname="FBTCDEV3" failures="0" tests="4" name="negative_Test_Cases.AWC002Convert_WIP_To_WIP" time="234.770" errors="0" timestamp="2023-11-26T17:04:33 UTC" skipped="0">
  <testcase classname="negative_Test_Cases.AWC002Convert_WIP_To_WIP" name="convertWIP_P0WIP" time="62.137"/>
  <system-out/>
  <testcase classname="negative_Test_Cases.AWC002Convert_WIP_To_WIP" name="convertWIP_EVT1_WIP" time="53.647"/>
  <system-out/>
  <testcase classname="negative_Test_Cases.AWC002Convert_WIP_To_WIP" name="convertWIP_DVT1_WIP" time="68.370"/>
  <system-out/>
  <testcase classname="negative_Test_Cases.AWC002Convert_WIP_To_WIP" name="convertWIP_PVT1_WIP" time="50.616"/>
  <system-out/>
</testsuite> <!-- negative_Test_Cases.AWC002Convert_WIP_To_WIP -->
