<?xml version="1.0" encoding="UTF-8"?>
<!-- Generated by org.testng.reporters.JUnitReportReporter -->
<testsuite hostname="FBTCDEV3" failures="0" tests="1" name="basic_Test_Cases.AWC001_Positive_Login" time="11.843" errors="0" timestamp="2023-11-03T07:28:13 UTC" skipped="0">
  <testcase classname="basic_Test_Cases.AWC001_Positive_Login" name="positive_Login" time="11.843"/>
  <system-out/>
</testsuite> <!-- basic_Test_Cases.AWC001_Positive_Login -->
