<?xml version="1.0" encoding="UTF-8"?>
<!-- Generated by org.testng.reporters.JUnitReportReporter -->
<testsuite hostname="FBTCDEV3" failures="0" tests="13" name="functional_Test_Cases.AWC007_MP_Release" time="438.159" errors="1" timestamp="2023-11-16T05:52:47 UTC" skipped="0">
  <testcase classname="functional_Test_Cases.AWC007_MP_Release" name="general_WIP_To_MP" time="28.691"/>
  <system-out/>
  <testcase classname="functional_Test_Cases.AWC007_MP_Release" name="p0_WIP_To_MP" time="29.528"/>
  <system-out/>
  <testcase classname="functional_Test_Cases.AWC007_MP_Release" name="p1_WIP_To_MP" time="29.661"/>
  <system-out/>
  <testcase classname="functional_Test_Cases.AWC007_MP_Release" name="p2_WIP_To_MP" time="29.483"/>
  <system-out/>
  <testcase classname="functional_Test_Cases.AWC007_MP_Release" name="p3_WIP_To_MP" time="29.001"/>
  <system-out/>
  <testcase classname="functional_Test_Cases.AWC007_MP_Release" name="dVT1_WIP_To_MP" time="29.419"/>
  <system-out/>
  <testcase classname="functional_Test_Cases.AWC007_MP_Release" name="dVT2_WIP_To_MP" time="29.168"/>
  <system-out/>
  <testcase classname="functional_Test_Cases.AWC007_MP_Release" name="Dvt3_WIP_To_MP" time="78.954">
    <error message="Error {
  message=&#039;Timeout 30000ms exceeded.
=========================== logs ===========================
waiting for locator(&quot;xpath=(//span[@class=&#039;aw-jswidgets-text ng-isolate-scope&#039;])[14]&quot;)
============================================================
  name=&#039;TimeoutError
  stack=&#039;TimeoutError: Timeout 30000ms exceeded.
=========================== logs ===========================
waiting for locator(&quot;xpath=(//span[@class=&#039;aw-jswidgets-text ng-isolate-scope&#039;])[14]&quot;)
============================================================
    at ProgressController.run (C:\Users\fbtcuser\AppData\Local\Temp\playwright-java-2010247375481927521\package\lib\server\progress.js:88:26)
    at Frame._callOnElementOnceMatches (C:\Users\fbtcuser\AppData\Local\Temp\playwright-java-2010247375481927521\package\lib\server\frames.js:1406:23)
    at Frame.textContent (C:\Users\fbtcuser\AppData\Local\Temp\playwright-java-2010247375481927521\package\lib\server\frames.js:1064:17)
    at FrameDispatcher.textContent (C:\Users\fbtcuser\AppData\Local\Temp\playwright-java-2010247375481927521\package\lib\server\dispatchers\frameDispatcher.js:172:37)
    at DispatcherConnection.dispatch (C:\Users\fbtcuser\AppData\Local\Temp\playwright-java-2010247375481927521\package\lib\server\dispatchers\dispatcher.js:312:46)
}" type="com.microsoft.playwright.TimeoutError">
      <![CDATA[com.microsoft.playwright.TimeoutError: Error {
  message='Timeout 30000ms exceeded.
=========================== logs ===========================
waiting for locator("xpath=(//span[@class='aw-jswidgets-text ng-isolate-scope'])[14]")
============================================================
  name='TimeoutError
  stack='TimeoutError: Timeout 30000ms exceeded.
=========================== logs ===========================
waiting for locator("xpath=(//span[@class='aw-jswidgets-text ng-isolate-scope'])[14]")
============================================================
    at ProgressController.run (C:\Users\fbtcuser\AppData\Local\Temp\playwright-java-2010247375481927521\package\lib\server\progress.js:88:26)
    at Frame._callOnElementOnceMatches (C:\Users\fbtcuser\AppData\Local\Temp\playwright-java-2010247375481927521\package\lib\server\frames.js:1406:23)
    at Frame.textContent (C:\Users\fbtcuser\AppData\Local\Temp\playwright-java-2010247375481927521\package\lib\server\frames.js:1064:17)
    at FrameDispatcher.textContent (C:\Users\fbtcuser\AppData\Local\Temp\playwright-java-2010247375481927521\package\lib\server\dispatchers\frameDispatcher.js:172:37)
    at DispatcherConnection.dispatch (C:\Users\fbtcuser\AppData\Local\Temp\playwright-java-2010247375481927521\package\lib\server\dispatchers\dispatcher.js:312:46)
}
at com.microsoft.playwright.impl.WaitableResult.get(WaitableResult.java:52)
at com.microsoft.playwright.impl.ChannelOwner.runUntil(ChannelOwner.java:111)
at com.microsoft.playwright.impl.Connection.sendMessage(Connection.java:126)
at com.microsoft.playwright.impl.ChannelOwner.sendMessage(ChannelOwner.java:102)
at com.microsoft.playwright.impl.FrameImpl.textContentImpl(FrameImpl.java:822)
at com.microsoft.playwright.impl.FrameImpl.lambda$textContent$38(FrameImpl.java:813)
at com.microsoft.playwright.impl.LoggingSupport.withLogging(LoggingSupport.java:47)
at com.microsoft.playwright.impl.ChannelOwner.withLogging(ChannelOwner.java:87)
at com.microsoft.playwright.impl.FrameImpl.textContent(FrameImpl.java:813)
at com.microsoft.playwright.impl.LocatorImpl.textContent(LocatorImpl.java:561)
at com.microsoft.playwright.Locator.textContent(Locator.java:4859)
at functional_Test_Cases.AWC007_MP_Release.Dvt3_WIP_To_MP(AWC007_MP_Release.java:310)
at java.base/jdk.internal.reflect.NativeMethodAccessorImpl.invoke0(Native Method)
at java.base/jdk.internal.reflect.NativeMethodAccessorImpl.invoke(NativeMethodAccessorImpl.java:77)
at java.base/jdk.internal.reflect.DelegatingMethodAccessorImpl.invoke(DelegatingMethodAccessorImpl.java:43)
at java.base/java.lang.reflect.Method.invoke(Method.java:568)
at org.testng.internal.MethodInvocationHelper.invokeMethod(MethodInvocationHelper.java:133)
at org.testng.internal.TestInvoker.invokeMethod(TestInvoker.java:598)
at org.testng.internal.TestInvoker.invokeTestMethod(TestInvoker.java:173)
at org.testng.internal.MethodRunner.runInSequence(MethodRunner.java:46)
at org.testng.internal.TestInvoker$MethodInvocationAgent.invoke(TestInvoker.java:824)
at org.testng.internal.TestInvoker.invokeTestMethods(TestInvoker.java:146)
at org.testng.internal.TestMethodWorker.invokeTestMethods(TestMethodWorker.java:146)
at org.testng.internal.TestMethodWorker.run(TestMethodWorker.java:128)
at java.base/java.util.ArrayList.forEach(ArrayList.java:1511)
at org.testng.TestRunner.privateRun(TestRunner.java:794)
at org.testng.TestRunner.run(TestRunner.java:596)
at org.testng.SuiteRunner.runTest(SuiteRunner.java:377)
at org.testng.SuiteRunner.runSequentially(SuiteRunner.java:371)
at org.testng.SuiteRunner.privateRun(SuiteRunner.java:332)
at org.testng.SuiteRunner.run(SuiteRunner.java:276)
at org.testng.SuiteRunnerWorker.runSuite(SuiteRunnerWorker.java:53)
at org.testng.SuiteRunnerWorker.run(SuiteRunnerWorker.java:96)
at org.testng.TestNG.runSuitesSequentially(TestNG.java:1212)
at org.testng.TestNG.runSuitesLocally(TestNG.java:1134)
at org.testng.TestNG.runSuites(TestNG.java:1063)
at org.testng.TestNG.run(TestNG.java:1031)
at org.testng.remote.AbstractRemoteTestNG.run(AbstractRemoteTestNG.java:115)
at org.testng.remote.RemoteTestNG.initAndRun(RemoteTestNG.java:251)
at org.testng.remote.RemoteTestNG.main(RemoteTestNG.java:77)
Caused by: com.microsoft.playwright.TimeoutError: Error {
  message='Timeout 30000ms exceeded.
=========================== logs ===========================
waiting for locator("xpath=(//span[@class='aw-jswidgets-text ng-isolate-scope'])[14]")
============================================================
  name='TimeoutError
  stack='TimeoutError: Timeout 30000ms exceeded.
=========================== logs ===========================
waiting for locator("xpath=(//span[@class='aw-jswidgets-text ng-isolate-scope'])[14]")
============================================================
    at ProgressController.run (C:\Users\fbtcuser\AppData\Local\Temp\playwright-java-2010247375481927521\package\lib\server\progress.js:88:26)
    at Frame._callOnElementOnceMatches (C:\Users\fbtcuser\AppData\Local\Temp\playwright-java-2010247375481927521\package\lib\server\frames.js:1406:23)
    at Frame.textContent (C:\Users\fbtcuser\AppData\Local\Temp\playwright-java-2010247375481927521\package\lib\server\frames.js:1064:17)
    at FrameDispatcher.textContent (C:\Users\fbtcuser\AppData\Local\Temp\playwright-java-2010247375481927521\package\lib\server\dispatchers\frameDispatcher.js:172:37)
    at DispatcherConnection.dispatch (C:\Users\fbtcuser\AppData\Local\Temp\playwright-java-2010247375481927521\package\lib\server\dispatchers\dispatcher.js:312:46)
}
at com.microsoft.playwright.impl.Connection.dispatch(Connection.java:224)
at com.microsoft.playwright.impl.Connection.processOneMessage(Connection.java:206)
at com.microsoft.playwright.impl.ChannelOwner.runUntil(ChannelOwner.java:109)
... 38 more
]]>
    </error>
  </testcase> <!-- Dvt3_WIP_To_MP -->
  <system-out/>
  <testcase classname="functional_Test_Cases.AWC007_MP_Release" name="eVT1_WIP_To_MP" time="29.815"/>
  <system-out/>
  <testcase classname="functional_Test_Cases.AWC007_MP_Release" name="eVT2_WIP_To_MP" time="29.388"/>
  <system-out/>
  <testcase classname="functional_Test_Cases.AWC007_MP_Release" name="eVT3_WIP_To_MP" time="29.484"/>
  <system-out/>
  <testcase classname="functional_Test_Cases.AWC007_MP_Release" name="pVT1_WIP_To_MP" time="29.424"/>
  <system-out/>
  <testcase classname="functional_Test_Cases.AWC007_MP_Release" name="pVT2_WIP_To_MP" time="36.143"/>
  <system-out/>
</testsuite> <!-- functional_Test_Cases.AWC007_MP_Release -->
