<?xml version="1.0" encoding="UTF-8"?>
<!-- Generated by org.testng.reporters.JUnitReportReporter -->
<testsuite hostname="FBTCDEV3" failures="0" tests="13" name="functional_Test_Cases.AWC007MP_Release" time="431.970" errors="0" timestamp="2023-11-22T05:40:53 UTC" skipped="0">
  <testcase classname="functional_Test_Cases.AWC007MP_Release" name="general_WIP_To_MP" time="32.607"/>
  <system-out/>
  <testcase classname="functional_Test_Cases.AWC007MP_Release" name="p0_WIP_To_MP" time="32.642"/>
  <system-out/>
  <testcase classname="functional_Test_Cases.AWC007MP_Release" name="p1_WIP_To_MP" time="31.548"/>
  <system-out/>
  <testcase classname="functional_Test_Cases.AWC007MP_Release" name="p2_WIP_To_MP" time="31.920"/>
  <system-out/>
  <testcase classname="functional_Test_Cases.AWC007MP_Release" name="p3_WIP_To_MP" time="31.837"/>
  <system-out/>
  <testcase classname="functional_Test_Cases.AWC007MP_Release" name="dVT1_WIP_To_MP" time="32.186"/>
  <system-out/>
  <testcase classname="functional_Test_Cases.AWC007MP_Release" name="dVT2_WIP_To_MP" time="32.769"/>
  <system-out/>
  <testcase classname="functional_Test_Cases.AWC007MP_Release" name="Dvt3_WIP_To_MP" time="31.623"/>
  <system-out/>
  <testcase classname="functional_Test_Cases.AWC007MP_Release" name="eVT1_WIP_To_MP" time="33.192"/>
  <system-out/>
  <testcase classname="functional_Test_Cases.AWC007MP_Release" name="eVT2_WIP_To_MP" time="35.144"/>
  <system-out/>
  <testcase classname="functional_Test_Cases.AWC007MP_Release" name="eVT3_WIP_To_MP" time="32.176"/>
  <system-out/>
  <testcase classname="functional_Test_Cases.AWC007MP_Release" name="pVT1_WIP_To_MP" time="33.587"/>
  <system-out/>
  <testcase classname="functional_Test_Cases.AWC007MP_Release" name="pVT2_WIP_To_MP" time="40.739"/>
  <system-out/>
</testsuite> <!-- functional_Test_Cases.AWC007MP_Release -->
