<?xml version="1.0" encoding="UTF-8"?>
<!-- Generated by org.testng.reporters.JUnitReportReporter -->
<testsuite hostname="FBTCDEV3" failures="0" tests="1" name="basic_Test_Cases.LoginSession2" time="13.787" errors="0" timestamp="2023-10-11T12:46:06 UTC" skipped="0">
  <testcase classname="basic_Test_Cases.LoginSession2" name="login_Method" time="13.787"/>
  <system-out/>
</testsuite> <!-- basic_Test_Cases.LoginSession2 -->
